
*** Running vivado
    with args -log xfft_0.vds -m64 -product Vivado -mode batch -messageDb vivado.pb -notrace -source xfft_0.tcl



****** Vivado v2023.1 (64-bit)
  **** SW Build 3865809 on Sun May  7 15:05:29 MDT 2023
  **** IP Build 3864474 on Sun May  7 20:36:21 MDT 2023
  **** SharedData Build 3865790 on Sun May 07 13:33:03 MDT 2023
    ** Copyright 1986-2022 Xilinx, Inc. All Rights Reserved.
    ** Copyright 2022-2023 Advanced Micro Devices, Inc. All Rights Reserved.

source xfft_0.tcl -notrace
create_project: Time (s): cpu = 00:00:05 ; elapsed = 00:00:06 . Memory (MB): peak = 1381.688 ; gain = 158.691
INFO: [IP_Flow 19-6924] IPCACHE: Running cache check for IP inst: xfft_0
Command: synth_design -top xfft_0 -part xc7k325tffg676-2 -incremental_mode off -mode out_of_context
Starting synth_design
Attempting to get a license for feature 'Synthesis' and/or device 'xc7k325t'
INFO: [Common 17-349] Got license for feature 'Synthesis' and/or device 'xc7k325t'
INFO: [Device 21-403] Loading part xc7k325tffg676-2
INFO: [Synth 8-7079] Multithreading enabled for synth_design using a maximum of 2 processes.
INFO: [Synth 8-7078] Launching helper process for spawning children vivado processes
INFO: [Synth 8-7075] Helper process launched with PID 11712
---------------------------------------------------------------------------------
Starting RTL Elaboration : Time (s): cpu = 00:00:09 ; elapsed = 00:00:10 . Memory (MB): peak = 2269.297 ; gain = 410.629
---------------------------------------------------------------------------------
INFO: [Synth 8-638] synthesizing module 'xfft_0' [c:/Users/Administrator/Desktop/tb/tb/tb.gen/sources_1/ip/xfft_0/synth/xfft_0.vhd:83]
	Parameter C_XDEVICEFAMILY bound to: kintex7 - type: string 
	Parameter C_PART bound to: xc7k325tffg676-2 - type: string 
	Parameter C_S_AXIS_CONFIG_TDATA_WIDTH bound to: 16 - type: integer 
	Parameter C_S_AXIS_DATA_TDATA_WIDTH bound to: 32 - type: integer 
	Parameter C_M_AXIS_DATA_TDATA_WIDTH bound to: 32 - type: integer 
	Parameter C_M_AXIS_DATA_TUSER_WIDTH bound to: 8 - type: integer 
	Parameter C_M_AXIS_STATUS_TDATA_WIDTH bound to: 1 - type: integer 
	Parameter C_THROTTLE_SCHEME bound to: 1 - type: integer 
	Parameter C_CHANNELS bound to: 1 - type: integer 
	Parameter C_NFFT_MAX bound to: 6 - type: integer 
	Parameter C_ARCH bound to: 1 - type: integer 
	Parameter C_HAS_NFFT bound to: 0 - type: integer 
	Parameter C_USE_FLT_PT bound to: 0 - type: integer 
	Parameter C_INPUT_WIDTH bound to: 16 - type: integer 
	Parameter C_TWIDDLE_WIDTH bound to: 16 - type: integer 
	Parameter C_OUTPUT_WIDTH bound to: 16 - type: integer 
	Parameter C_HAS_SCALING bound to: 1 - type: integer 
	Parameter C_HAS_BFP bound to: 0 - type: integer 
	Parameter C_HAS_ROUNDING bound to: 0 - type: integer 
	Parameter C_HAS_ACLKEN bound to: 0 - type: integer 
	Parameter C_HAS_ARESETN bound to: 0 - type: integer 
	Parameter C_HAS_OVFLO bound to: 0 - type: integer 
	Parameter C_HAS_NATURAL_INPUT bound to: 1 - type: integer 
	Parameter C_HAS_NATURAL_OUTPUT bound to: 1 - type: integer 
	Parameter C_HAS_CYCLIC_PREFIX bound to: 1 - type: integer 
	Parameter C_HAS_XK_INDEX bound to: 1 - type: integer 
	Parameter C_DATA_MEM_TYPE bound to: 1 - type: integer 
	Parameter C_TWIDDLE_MEM_TYPE bound to: 1 - type: integer 
	Parameter C_BRAM_STAGES bound to: 0 - type: integer 
	Parameter C_REORDER_MEM_TYPE bound to: 1 - type: integer 
	Parameter C_USE_HYBRID_RAM bound to: 0 - type: integer 
	Parameter C_OPTIMIZE_GOAL bound to: 0 - type: integer 
	Parameter C_CMPY_TYPE bound to: 1 - type: integer 
	Parameter C_BFLY_TYPE bound to: 0 - type: integer 
INFO: [Synth 8-3491] module 'xfft_v9_1_9' declared at 'c:/Users/Administrator/Desktop/tb/tb/tb.gen/sources_1/ip/xfft_0/hdl/xfft_v9_1_vh_rfs.vhd:103739' bound to instance 'U0' of component 'xfft_v9_1_9' [c:/Users/Administrator/Desktop/tb/tb/tb.gen/sources_1/ip/xfft_0/synth/xfft_0.vhd:190]
INFO: [Synth 8-3919] null assignment ignored
INFO: [Synth 8-3919] null assignment ignored
INFO: [Synth 8-3919] null assignment ignored
INFO: [Synth 8-3919] null assignment ignored
INFO: [Synth 8-3919] null assignment ignored
INFO: [Synth 8-3919] null assignment ignored
INFO: [Synth 8-3919] null assignment ignored
INFO: [Synth 8-3919] null assignment ignored
INFO: [Synth 8-3919] null assignment ignored
INFO: [Synth 8-3919] null assignment ignored
INFO: [Synth 8-3919] null assignment ignored
INFO: [Synth 8-3919] null assignment ignored
INFO: [Synth 8-3919] null assignment ignored
INFO: [Synth 8-3919] null assignment ignored
INFO: [Synth 8-3919] null assignment ignored
INFO: [Synth 8-3919] null assignment ignored
INFO: [Synth 8-3919] null assignment ignored
INFO: [Synth 8-3919] null assignment ignored
INFO: [Synth 8-3919] null assignment ignored
INFO: [Synth 8-3919] null assignment ignored
INFO: [Synth 8-3919] null assignment ignored
INFO: [Synth 8-3919] null assignment ignored
INFO: [Synth 8-3919] null assignment ignored
INFO: [Synth 8-3919] null assignment ignored
INFO: [Synth 8-3919] null assignment ignored
INFO: [Synth 8-3919] null assignment ignored
INFO: [Synth 8-3919] null assignment ignored
INFO: [Synth 8-3919] null assignment ignored
INFO: [Synth 8-3919] null assignment ignored
INFO: [Synth 8-3919] null assignment ignored
INFO: [Synth 8-3919] null assignment ignored
INFO: [Synth 8-3919] null assignment ignored
INFO: [Synth 8-3919] null assignment ignored
INFO: [Synth 8-3919] null assignment ignored
INFO: [Synth 8-3919] null assignment ignored
INFO: [Synth 8-3919] null assignment ignored
INFO: [Synth 8-3919] null assignment ignored
INFO: [Synth 8-3919] null assignment ignored
INFO: [Synth 8-3919] null assignment ignored
INFO: [Synth 8-3919] null assignment ignored
INFO: [Synth 8-3919] null assignment ignored
INFO: [Synth 8-3919] null assignment ignored
INFO: [Synth 8-3919] null assignment ignored
INFO: [Synth 8-3919] null assignment ignored
INFO: [Synth 8-3919] null assignment ignored
INFO: [Synth 8-3919] null assignment ignored
INFO: [Synth 8-3919] null assignment ignored
INFO: [Synth 8-3919] null assignment ignored
INFO: [Synth 8-3919] null assignment ignored
INFO: [Synth 8-3919] null assignment ignored
INFO: [Synth 8-3919] null assignment ignored
INFO: [Synth 8-3919] null assignment ignored
INFO: [Synth 8-3919] null assignment ignored
INFO: [Synth 8-3919] null assignment ignored
INFO: [Synth 8-256] done synthesizing module 'xfft_0' (0#1) [c:/Users/Administrator/Desktop/tb/tb/tb.gen/sources_1/ip/xfft_0/synth/xfft_0.vhd:83]
WARNING: [Synth 8-7129] Port LUT_SCLR in module mux_bus4__parameterized3 is either unconnected or has no load
WARNING: [Synth 8-7129] Port LUT_SCLR in module mux_bus4__parameterized1 is either unconnected or has no load
WARNING: [Synth 8-7129] Port LUT_SCLR in module mux_bus4__parameterized2 is either unconnected or has no load
WARNING: [Synth 8-7129] Port AINIT in module c_reg_fd_v12_0_6_viv__parameterized7 is either unconnected or has no load
WARNING: [Synth 8-7129] Port ACLR in module c_reg_fd_v12_0_6_viv__parameterized7 is either unconnected or has no load
WARNING: [Synth 8-7129] Port ASET in module c_reg_fd_v12_0_6_viv__parameterized7 is either unconnected or has no load
WARNING: [Synth 8-7129] Port SINIT in module c_reg_fd_v12_0_6_viv__parameterized7 is either unconnected or has no load
WARNING: [Synth 8-7129] Port SCLR in module c_reg_fd_v12_0_6_viv__parameterized7 is either unconnected or has no load
WARNING: [Synth 8-7129] Port SSET in module c_reg_fd_v12_0_6_viv__parameterized7 is either unconnected or has no load
WARNING: [Synth 8-7129] Port add in module c_addsub_v12_0_15_lut6_legacy__parameterized19 is either unconnected or has no load
WARNING: [Synth 8-7129] Port c_in in module c_addsub_v12_0_15_lut6_legacy__parameterized19 is either unconnected or has no load
WARNING: [Synth 8-7129] Port bypass in module c_addsub_v12_0_15_lut6_legacy__parameterized19 is either unconnected or has no load
WARNING: [Synth 8-7129] Port sclr in module c_addsub_v12_0_15_lut6_legacy__parameterized19 is either unconnected or has no load
WARNING: [Synth 8-7129] Port sset in module c_addsub_v12_0_15_lut6_legacy__parameterized19 is either unconnected or has no load
WARNING: [Synth 8-7129] Port sinit in module c_addsub_v12_0_15_lut6_legacy__parameterized19 is either unconnected or has no load
WARNING: [Synth 8-7129] Port c_in in module c_addsub_v12_0_15_legacy__parameterized19 is either unconnected or has no load
WARNING: [Synth 8-7129] Port b_in in module c_addsub_v12_0_15_legacy__parameterized19 is either unconnected or has no load
WARNING: [Synth 8-7129] Port a_signed in module c_addsub_v12_0_15_legacy__parameterized19 is either unconnected or has no load
WARNING: [Synth 8-7129] Port b_signed in module c_addsub_v12_0_15_legacy__parameterized19 is either unconnected or has no load
WARNING: [Synth 8-7129] Port C_IN in module c_addsub_v12_0_15_viv__parameterized10 is either unconnected or has no load
WARNING: [Synth 8-7129] Port add in module c_addsub_v12_0_15_lut6_legacy__parameterized17 is either unconnected or has no load
WARNING: [Synth 8-7129] Port c_in in module c_addsub_v12_0_15_lut6_legacy__parameterized17 is either unconnected or has no load
WARNING: [Synth 8-7129] Port bypass in module c_addsub_v12_0_15_lut6_legacy__parameterized17 is either unconnected or has no load
WARNING: [Synth 8-7129] Port sclr in module c_addsub_v12_0_15_lut6_legacy__parameterized17 is either unconnected or has no load
WARNING: [Synth 8-7129] Port sset in module c_addsub_v12_0_15_lut6_legacy__parameterized17 is either unconnected or has no load
WARNING: [Synth 8-7129] Port sinit in module c_addsub_v12_0_15_lut6_legacy__parameterized17 is either unconnected or has no load
WARNING: [Synth 8-7129] Port c_in in module c_addsub_v12_0_15_legacy__parameterized17 is either unconnected or has no load
WARNING: [Synth 8-7129] Port b_in in module c_addsub_v12_0_15_legacy__parameterized17 is either unconnected or has no load
WARNING: [Synth 8-7129] Port a_signed in module c_addsub_v12_0_15_legacy__parameterized17 is either unconnected or has no load
WARNING: [Synth 8-7129] Port b_signed in module c_addsub_v12_0_15_legacy__parameterized17 is either unconnected or has no load
WARNING: [Synth 8-7129] Port C_IN in module c_addsub_v12_0_15_viv__parameterized9 is either unconnected or has no load
WARNING: [Synth 8-7129] Port AINIT in module c_reg_fd_v12_0_6_viv__parameterized5 is either unconnected or has no load
WARNING: [Synth 8-7129] Port ACLR in module c_reg_fd_v12_0_6_viv__parameterized5 is either unconnected or has no load
WARNING: [Synth 8-7129] Port ASET in module c_reg_fd_v12_0_6_viv__parameterized5 is either unconnected or has no load
WARNING: [Synth 8-7129] Port SINIT in module c_reg_fd_v12_0_6_viv__parameterized5 is either unconnected or has no load
WARNING: [Synth 8-7129] Port SCLR in module c_reg_fd_v12_0_6_viv__parameterized5 is either unconnected or has no load
WARNING: [Synth 8-7129] Port SSET in module c_reg_fd_v12_0_6_viv__parameterized5 is either unconnected or has no load
WARNING: [Synth 8-7129] Port add in module c_addsub_v12_0_15_lut6_legacy__parameterized15 is either unconnected or has no load
WARNING: [Synth 8-7129] Port c_in in module c_addsub_v12_0_15_lut6_legacy__parameterized15 is either unconnected or has no load
WARNING: [Synth 8-7129] Port sclr in module c_addsub_v12_0_15_lut6_legacy__parameterized15 is either unconnected or has no load
WARNING: [Synth 8-7129] Port sset in module c_addsub_v12_0_15_lut6_legacy__parameterized15 is either unconnected or has no load
WARNING: [Synth 8-7129] Port sinit in module c_addsub_v12_0_15_lut6_legacy__parameterized15 is either unconnected or has no load
WARNING: [Synth 8-7129] Port c_in in module c_addsub_v12_0_15_legacy__parameterized15 is either unconnected or has no load
WARNING: [Synth 8-7129] Port b_in in module c_addsub_v12_0_15_legacy__parameterized15 is either unconnected or has no load
WARNING: [Synth 8-7129] Port a_signed in module c_addsub_v12_0_15_legacy__parameterized15 is either unconnected or has no load
WARNING: [Synth 8-7129] Port b_signed in module c_addsub_v12_0_15_legacy__parameterized15 is either unconnected or has no load
WARNING: [Synth 8-7129] Port C_IN in module c_addsub_v12_0_15_viv__parameterized8 is either unconnected or has no load
WARNING: [Synth 8-7129] Port AINIT in module c_reg_fd_v12_0_6_viv__parameterized3 is either unconnected or has no load
WARNING: [Synth 8-7129] Port ACLR in module c_reg_fd_v12_0_6_viv__parameterized3 is either unconnected or has no load
WARNING: [Synth 8-7129] Port ASET in module c_reg_fd_v12_0_6_viv__parameterized3 is either unconnected or has no load
WARNING: [Synth 8-7129] Port SINIT in module c_reg_fd_v12_0_6_viv__parameterized3 is either unconnected or has no load
WARNING: [Synth 8-7129] Port SCLR in module c_reg_fd_v12_0_6_viv__parameterized3 is either unconnected or has no load
WARNING: [Synth 8-7129] Port SSET in module c_reg_fd_v12_0_6_viv__parameterized3 is either unconnected or has no load
WARNING: [Synth 8-7129] Port add in module c_addsub_v12_0_15_lut6_legacy__parameterized13 is either unconnected or has no load
WARNING: [Synth 8-7129] Port sclr in module c_addsub_v12_0_15_lut6_legacy__parameterized13 is either unconnected or has no load
WARNING: [Synth 8-7129] Port sset in module c_addsub_v12_0_15_lut6_legacy__parameterized13 is either unconnected or has no load
WARNING: [Synth 8-7129] Port sinit in module c_addsub_v12_0_15_lut6_legacy__parameterized13 is either unconnected or has no load
WARNING: [Synth 8-7129] Port b_in in module c_addsub_v12_0_15_legacy__parameterized13 is either unconnected or has no load
WARNING: [Synth 8-7129] Port a_signed in module c_addsub_v12_0_15_legacy__parameterized13 is either unconnected or has no load
WARNING: [Synth 8-7129] Port b_signed in module c_addsub_v12_0_15_legacy__parameterized13 is either unconnected or has no load
WARNING: [Synth 8-7129] Port CIN in module adder_bypass__parameterized0 is either unconnected or has no load
WARNING: [Synth 8-7129] Port C_IN in module c_addsub_v12_0_15_viv__parameterized7 is either unconnected or has no load
WARNING: [Synth 8-7129] Port CIN in module adder_bypass is either unconnected or has no load
WARNING: [Synth 8-7129] Port CLK in module cmpy_v6_0_21_delay_line__parameterized2 is either unconnected or has no load
WARNING: [Synth 8-7129] Port CE in module cmpy_v6_0_21_delay_line__parameterized2 is either unconnected or has no load
WARNING: [Synth 8-7129] Port SCLR in module cmpy_v6_0_21_delay_line__parameterized2 is either unconnected or has no load
WARNING: [Synth 8-7129] Port CLK in module mult_gen_v12_0_18_delay_line__parameterized1 is either unconnected or has no load
WARNING: [Synth 8-7129] Port CE in module mult_gen_v12_0_18_delay_line__parameterized1 is either unconnected or has no load
WARNING: [Synth 8-7129] Port SCLR in module mult_gen_v12_0_18_delay_line__parameterized1 is either unconnected or has no load
WARNING: [Synth 8-7129] Port SCLR in module mult_gen_v12_0_18_delay_line__parameterized0 is either unconnected or has no load
WARNING: [Synth 8-7129] Port SCLR in module mult_gen_v12_0_18_delay_line is either unconnected or has no load
WARNING: [Synth 8-7129] Port SUBTRACT in module dsp__parameterized1 is either unconnected or has no load
WARNING: [Synth 8-7129] Port CARRY_IN in module dsp__parameterized1 is either unconnected or has no load
WARNING: [Synth 8-7129] Port CLK in module cmpy_v6_0_21_delay_line__parameterized0 is either unconnected or has no load
WARNING: [Synth 8-7129] Port CE in module cmpy_v6_0_21_delay_line__parameterized0 is either unconnected or has no load
WARNING: [Synth 8-7129] Port SCLR in module cmpy_v6_0_21_delay_line__parameterized0 is either unconnected or has no load
WARNING: [Synth 8-7129] Port SCLR in module cmpy_v6_0_21_delay_line__parameterized1 is either unconnected or has no load
WARNING: [Synth 8-7129] Port CLK in module mult_gen_v12_0_18_delay_line__parameterized3 is either unconnected or has no load
WARNING: [Synth 8-7129] Port CE in module mult_gen_v12_0_18_delay_line__parameterized3 is either unconnected or has no load
WARNING: [Synth 8-7129] Port SCLR in module mult_gen_v12_0_18_delay_line__parameterized3 is either unconnected or has no load
WARNING: [Synth 8-7129] Port CLK in module mult_gen_v12_0_18_delay_line__parameterized2 is either unconnected or has no load
WARNING: [Synth 8-7129] Port CE in module mult_gen_v12_0_18_delay_line__parameterized2 is either unconnected or has no load
WARNING: [Synth 8-7129] Port SCLR in module mult_gen_v12_0_18_delay_line__parameterized2 is either unconnected or has no load
WARNING: [Synth 8-7129] Port SUBTRACT in module dsp__parameterized0 is either unconnected or has no load
WARNING: [Synth 8-7129] Port CARRY_IN in module dsp__parameterized0 is either unconnected or has no load
WARNING: [Synth 8-7129] Port C[11] in module cmpy_3_dsp48_mult__parameterized0 is either unconnected or has no load
WARNING: [Synth 8-7129] Port C[10] in module cmpy_3_dsp48_mult__parameterized0 is either unconnected or has no load
WARNING: [Synth 8-7129] Port C[9] in module cmpy_3_dsp48_mult__parameterized0 is either unconnected or has no load
WARNING: [Synth 8-7129] Port C[8] in module cmpy_3_dsp48_mult__parameterized0 is either unconnected or has no load
WARNING: [Synth 8-7129] Port C[7] in module cmpy_3_dsp48_mult__parameterized0 is either unconnected or has no load
WARNING: [Synth 8-7129] Port C[6] in module cmpy_3_dsp48_mult__parameterized0 is either unconnected or has no load
WARNING: [Synth 8-7129] Port C[5] in module cmpy_3_dsp48_mult__parameterized0 is either unconnected or has no load
WARNING: [Synth 8-7129] Port C[4] in module cmpy_3_dsp48_mult__parameterized0 is either unconnected or has no load
WARNING: [Synth 8-7129] Port C[3] in module cmpy_3_dsp48_mult__parameterized0 is either unconnected or has no load
WARNING: [Synth 8-7129] Port C[2] in module cmpy_3_dsp48_mult__parameterized0 is either unconnected or has no load
WARNING: [Synth 8-7129] Port C[1] in module cmpy_3_dsp48_mult__parameterized0 is either unconnected or has no load
WARNING: [Synth 8-7129] Port C[0] in module cmpy_3_dsp48_mult__parameterized0 is either unconnected or has no load
WARNING: [Synth 8-7129] Port CARRY_IN in module dsp is either unconnected or has no load
WARNING: [Synth 8-7129] Port CLK in module cmpy_v6_0_21_delay_line is either unconnected or has no load
WARNING: [Synth 8-7129] Port CE in module cmpy_v6_0_21_delay_line is either unconnected or has no load
INFO: [Common 17-14] Message 'Synth 8-7129' appears 100 times and further instances of the messages will be disabled. Use the Tcl command set_msg_config to change the current settings.
---------------------------------------------------------------------------------
Finished RTL Elaboration : Time (s): cpu = 00:00:35 ; elapsed = 00:00:46 . Memory (MB): peak = 2959.262 ; gain = 1100.594
---------------------------------------------------------------------------------
---------------------------------------------------------------------------------
Start Handling Custom Attributes
---------------------------------------------------------------------------------
---------------------------------------------------------------------------------
Finished Handling Custom Attributes : Time (s): cpu = 00:00:36 ; elapsed = 00:00:46 . Memory (MB): peak = 2959.262 ; gain = 1100.594
---------------------------------------------------------------------------------
---------------------------------------------------------------------------------
Finished RTL Optimization Phase 1 : Time (s): cpu = 00:00:36 ; elapsed = 00:00:46 . Memory (MB): peak = 2959.262 ; gain = 1100.594
---------------------------------------------------------------------------------
Netlist sorting complete. Time (s): cpu = 00:00:00 ; elapsed = 00:00:00.176 . Memory (MB): peak = 2959.262 ; gain = 0.000
INFO: [Netlist 29-17] Analyzing 801 Unisim elements for replacement
INFO: [Netlist 29-28] Unisim Transformation completed in 1 CPU seconds
INFO: [Project 1-570] Preparing netlist for logic optimization

Processing XDC Constraints
Initializing timing engine
Parsing XDC File [c:/Users/Administrator/Desktop/tb/tb/tb.gen/sources_1/ip/xfft_0/xfft_0_ooc.xdc] for cell 'U0'
Finished Parsing XDC File [c:/Users/Administrator/Desktop/tb/tb/tb.gen/sources_1/ip/xfft_0/xfft_0_ooc.xdc] for cell 'U0'
Parsing XDC File [C:/Users/Administrator/Desktop/tb/tb/tb.runs/xfft_0_synth_1/dont_touch.xdc]
Finished Parsing XDC File [C:/Users/Administrator/Desktop/tb/tb/tb.runs/xfft_0_synth_1/dont_touch.xdc]
Completed Processing XDC Constraints

Netlist sorting complete. Time (s): cpu = 00:00:00 ; elapsed = 00:00:00.004 . Memory (MB): peak = 2959.262 ; gain = 0.000
INFO: [Project 1-111] Unisim Transformation Summary:
  A total of 32 instances were transformed.
  FD => FDRE: 2 instances
  FDE => FDRE: 30 instances

Constraint Validation Runtime : Time (s): cpu = 00:00:00 ; elapsed = 00:00:00.142 . Memory (MB): peak = 2959.262 ; gain = 0.000
INFO: [Designutils 20-5008] Incremental synthesis strategy off
---------------------------------------------------------------------------------
Finished Constraint Validation : Time (s): cpu = 00:00:44 ; elapsed = 00:00:57 . Memory (MB): peak = 2959.262 ; gain = 1100.594
---------------------------------------------------------------------------------
---------------------------------------------------------------------------------
Start Loading Part and Timing Information
---------------------------------------------------------------------------------
Loading part: xc7k325tffg676-2
---------------------------------------------------------------------------------
Finished Loading Part and Timing Information : Time (s): cpu = 00:00:44 ; elapsed = 00:00:57 . Memory (MB): peak = 2959.262 ; gain = 1100.594
---------------------------------------------------------------------------------
---------------------------------------------------------------------------------
Start Applying 'set_property' XDC Constraints
---------------------------------------------------------------------------------
Applied set_property KEEP_HIERARCHY = SOFT for U0. (constraint file  C:/Users/Administrator/Desktop/tb/tb/tb.runs/xfft_0_synth_1/dont_touch.xdc, line 9).
---------------------------------------------------------------------------------
Finished applying 'set_property' XDC Constraints : Time (s): cpu = 00:00:44 ; elapsed = 00:00:57 . Memory (MB): peak = 2959.262 ; gain = 1100.594
---------------------------------------------------------------------------------
---------------------------------------------------------------------------------
Finished RTL Optimization Phase 2 : Time (s): cpu = 00:00:46 ; elapsed = 00:00:59 . Memory (MB): peak = 2959.262 ; gain = 1100.594
---------------------------------------------------------------------------------
---------------------------------------------------------------------------------
Start RTL Component Statistics 
---------------------------------------------------------------------------------
---------------------------------------------------------------------------------
Finished RTL Component Statistics 
---------------------------------------------------------------------------------
---------------------------------------------------------------------------------
Start Part Resource Summary
---------------------------------------------------------------------------------
Part Resources:
DSPs: 840 (col length:140)
BRAMs: 890 (col length: RAMB18 140 RAMB36 70)
---------------------------------------------------------------------------------
Finished Part Resource Summary
---------------------------------------------------------------------------------
---------------------------------------------------------------------------------
Start Cross Boundary and Area Optimization
---------------------------------------------------------------------------------
WARNING: [Synth 8-7080] Parallel synthesis criteria is not met
INFO: [Synth 8-3332] Sequential element (xfft_inst/non_floating_point.arch_b.xfft_inst/control/control/max_rank_flops[2].max_rank_ff) is unused and will be removed from module xfft_v9_1_9_viv.
INFO: [Synth 8-3332] Sequential element (xfft_inst/non_floating_point.arch_b.xfft_inst/control/control/max_rank_flops[1].max_rank_ff) is unused and will be removed from module xfft_v9_1_9_viv.
INFO: [Synth 8-3332] Sequential element (xfft_inst/non_floating_point.arch_b.xfft_inst/control/delay_line_for_twiddle_rank/no_sclr_lut.real_shift_ram.use_baseblock.use_hlutnm_srls.runt_srl_loop.i_fdre) is unused and will be removed from module xfft_v9_1_9_viv.
INFO: [Synth 8-3332] Sequential element (xfft_inst/non_floating_point.arch_b.xfft_inst/control/twiddle_address_generator/N_MAX_P4.p4/tw1_reg_loop[4].tw1_reg) is unused and will be removed from module xfft_v9_1_9_viv.
INFO: [Synth 8-3332] Sequential element (xfft_inst/non_floating_point.arch_b.xfft_inst/control/twiddle_address_generator/N_MAX_P4.p4/tw2_reg_loop[0].tw2_reg) is unused and will be removed from module xfft_v9_1_9_viv.
INFO: [Synth 8-3332] Sequential element (xfft_inst/non_floating_point.arch_b.xfft_inst/single_channel.datapath/pe/scaler_gen.scaler_0r/scale_mux/four_inputs.use_lut6.no_lut_sclr.four_to_one_mux[24].latency1.reg) is unused and will be removed from module xfft_v9_1_9_viv.
INFO: [Synth 8-3332] Sequential element (xfft_inst/non_floating_point.arch_b.xfft_inst/single_channel.datapath/pe/scaler_gen.scaler_0r/scale_mux/four_inputs.use_lut6.no_lut_sclr.four_to_one_mux[23].latency1.reg) is unused and will be removed from module xfft_v9_1_9_viv.
INFO: [Synth 8-3332] Sequential element (xfft_inst/non_floating_point.arch_b.xfft_inst/single_channel.datapath/pe/scaler_gen.scaler_0r/scale_mux/four_inputs.use_lut6.no_lut_sclr.four_to_one_mux[22].latency1.reg) is unused and will be removed from module xfft_v9_1_9_viv.
INFO: [Synth 8-3332] Sequential element (xfft_inst/non_floating_point.arch_b.xfft_inst/single_channel.datapath/pe/scaler_gen.scaler_0r/scale_mux/four_inputs.use_lut6.no_lut_sclr.four_to_one_mux[5].latency1.reg) is unused and will be removed from module xfft_v9_1_9_viv.
INFO: [Synth 8-3332] Sequential element (xfft_inst/non_floating_point.arch_b.xfft_inst/single_channel.datapath/pe/scaler_gen.scaler_0r/scale_mux/four_inputs.use_lut6.no_lut_sclr.four_to_one_mux[4].latency1.reg) is unused and will be removed from module xfft_v9_1_9_viv.
INFO: [Synth 8-3332] Sequential element (xfft_inst/non_floating_point.arch_b.xfft_inst/single_channel.datapath/pe/scaler_gen.scaler_0r/scale_mux/four_inputs.use_lut6.no_lut_sclr.four_to_one_mux[3].latency1.reg) is unused and will be removed from module xfft_v9_1_9_viv.
INFO: [Synth 8-3332] Sequential element (xfft_inst/non_floating_point.arch_b.xfft_inst/single_channel.datapath/pe/scaler_gen.scaler_0r/scale_mux/four_inputs.use_lut6.no_lut_sclr.four_to_one_mux[2].latency1.reg) is unused and will be removed from module xfft_v9_1_9_viv.
INFO: [Synth 8-3332] Sequential element (xfft_inst/non_floating_point.arch_b.xfft_inst/single_channel.datapath/pe/scaler_gen.scaler_0r/scale_mux/four_inputs.use_lut6.no_lut_sclr.four_to_one_mux[1].latency1.reg) is unused and will be removed from module xfft_v9_1_9_viv.
INFO: [Synth 8-3332] Sequential element (xfft_inst/non_floating_point.arch_b.xfft_inst/single_channel.datapath/pe/scaler_gen.scaler_0r/scale_mux/four_inputs.use_lut6.no_lut_sclr.four_to_one_mux[0].latency1.reg) is unused and will be removed from module xfft_v9_1_9_viv.
INFO: [Synth 8-3332] Sequential element (xfft_inst/non_floating_point.arch_b.xfft_inst/single_channel.datapath/pe/scaler_gen.scaler_0i/scale_mux/four_inputs.use_lut6.no_lut_sclr.four_to_one_mux[24].latency1.reg) is unused and will be removed from module xfft_v9_1_9_viv.
INFO: [Synth 8-3332] Sequential element (xfft_inst/non_floating_point.arch_b.xfft_inst/single_channel.datapath/pe/scaler_gen.scaler_0i/scale_mux/four_inputs.use_lut6.no_lut_sclr.four_to_one_mux[23].latency1.reg) is unused and will be removed from module xfft_v9_1_9_viv.
INFO: [Synth 8-3332] Sequential element (xfft_inst/non_floating_point.arch_b.xfft_inst/single_channel.datapath/pe/scaler_gen.scaler_0i/scale_mux/four_inputs.use_lut6.no_lut_sclr.four_to_one_mux[22].latency1.reg) is unused and will be removed from module xfft_v9_1_9_viv.
INFO: [Synth 8-3332] Sequential element (xfft_inst/non_floating_point.arch_b.xfft_inst/single_channel.datapath/pe/scaler_gen.scaler_0i/scale_mux/four_inputs.use_lut6.no_lut_sclr.four_to_one_mux[5].latency1.reg) is unused and will be removed from module xfft_v9_1_9_viv.
INFO: [Synth 8-3332] Sequential element (xfft_inst/non_floating_point.arch_b.xfft_inst/single_channel.datapath/pe/scaler_gen.scaler_0i/scale_mux/four_inputs.use_lut6.no_lut_sclr.four_to_one_mux[4].latency1.reg) is unused and will be removed from module xfft_v9_1_9_viv.
INFO: [Synth 8-3332] Sequential element (xfft_inst/non_floating_point.arch_b.xfft_inst/single_channel.datapath/pe/scaler_gen.scaler_0i/scale_mux/four_inputs.use_lut6.no_lut_sclr.four_to_one_mux[3].latency1.reg) is unused and will be removed from module xfft_v9_1_9_viv.
INFO: [Synth 8-3332] Sequential element (xfft_inst/non_floating_point.arch_b.xfft_inst/single_channel.datapath/pe/scaler_gen.scaler_0i/scale_mux/four_inputs.use_lut6.no_lut_sclr.four_to_one_mux[2].latency1.reg) is unused and will be removed from module xfft_v9_1_9_viv.
INFO: [Synth 8-3332] Sequential element (xfft_inst/non_floating_point.arch_b.xfft_inst/single_channel.datapath/pe/scaler_gen.scaler_0i/scale_mux/four_inputs.use_lut6.no_lut_sclr.four_to_one_mux[1].latency1.reg) is unused and will be removed from module xfft_v9_1_9_viv.
INFO: [Synth 8-3332] Sequential element (xfft_inst/non_floating_point.arch_b.xfft_inst/single_channel.datapath/pe/scaler_gen.scaler_0i/scale_mux/four_inputs.use_lut6.no_lut_sclr.four_to_one_mux[0].latency1.reg) is unused and will be removed from module xfft_v9_1_9_viv.
INFO: [Synth 8-3332] Sequential element (xfft_inst/non_floating_point.arch_b.xfft_inst/single_channel.datapath/pe/scaler_gen.scaler_1r/scale_mux/four_inputs.use_lut6.no_lut_sclr.four_to_one_mux[24].latency1.reg) is unused and will be removed from module xfft_v9_1_9_viv.
INFO: [Synth 8-3332] Sequential element (xfft_inst/non_floating_point.arch_b.xfft_inst/single_channel.datapath/pe/scaler_gen.scaler_1r/scale_mux/four_inputs.use_lut6.no_lut_sclr.four_to_one_mux[23].latency1.reg) is unused and will be removed from module xfft_v9_1_9_viv.
INFO: [Synth 8-3332] Sequential element (xfft_inst/non_floating_point.arch_b.xfft_inst/single_channel.datapath/pe/scaler_gen.scaler_1r/scale_mux/four_inputs.use_lut6.no_lut_sclr.four_to_one_mux[22].latency1.reg) is unused and will be removed from module xfft_v9_1_9_viv.
INFO: [Synth 8-3332] Sequential element (xfft_inst/non_floating_point.arch_b.xfft_inst/single_channel.datapath/pe/scaler_gen.scaler_1r/scale_mux/four_inputs.use_lut6.no_lut_sclr.four_to_one_mux[5].latency1.reg) is unused and will be removed from module xfft_v9_1_9_viv.
INFO: [Synth 8-3332] Sequential element (xfft_inst/non_floating_point.arch_b.xfft_inst/single_channel.datapath/pe/scaler_gen.scaler_1r/scale_mux/four_inputs.use_lut6.no_lut_sclr.four_to_one_mux[4].latency1.reg) is unused and will be removed from module xfft_v9_1_9_viv.
INFO: [Synth 8-3332] Sequential element (xfft_inst/non_floating_point.arch_b.xfft_inst/single_channel.datapath/pe/scaler_gen.scaler_1r/scale_mux/four_inputs.use_lut6.no_lut_sclr.four_to_one_mux[3].latency1.reg) is unused and will be removed from module xfft_v9_1_9_viv.
INFO: [Synth 8-3332] Sequential element (xfft_inst/non_floating_point.arch_b.xfft_inst/single_channel.datapath/pe/scaler_gen.scaler_1r/scale_mux/four_inputs.use_lut6.no_lut_sclr.four_to_one_mux[2].latency1.reg) is unused and will be removed from module xfft_v9_1_9_viv.
INFO: [Synth 8-3332] Sequential element (xfft_inst/non_floating_point.arch_b.xfft_inst/single_channel.datapath/pe/scaler_gen.scaler_1r/scale_mux/four_inputs.use_lut6.no_lut_sclr.four_to_one_mux[1].latency1.reg) is unused and will be removed from module xfft_v9_1_9_viv.
INFO: [Synth 8-3332] Sequential element (xfft_inst/non_floating_point.arch_b.xfft_inst/single_channel.datapath/pe/scaler_gen.scaler_1r/scale_mux/four_inputs.use_lut6.no_lut_sclr.four_to_one_mux[0].latency1.reg) is unused and will be removed from module xfft_v9_1_9_viv.
INFO: [Synth 8-3332] Sequential element (xfft_inst/non_floating_point.arch_b.xfft_inst/single_channel.datapath/pe/scaler_gen.scaler_1i/scale_mux/four_inputs.use_lut6.no_lut_sclr.four_to_one_mux[24].latency1.reg) is unused and will be removed from module xfft_v9_1_9_viv.
INFO: [Synth 8-3332] Sequential element (xfft_inst/non_floating_point.arch_b.xfft_inst/single_channel.datapath/pe/scaler_gen.scaler_1i/scale_mux/four_inputs.use_lut6.no_lut_sclr.four_to_one_mux[23].latency1.reg) is unused and will be removed from module xfft_v9_1_9_viv.
INFO: [Synth 8-3332] Sequential element (xfft_inst/non_floating_point.arch_b.xfft_inst/single_channel.datapath/pe/scaler_gen.scaler_1i/scale_mux/four_inputs.use_lut6.no_lut_sclr.four_to_one_mux[22].latency1.reg) is unused and will be removed from module xfft_v9_1_9_viv.
INFO: [Synth 8-3332] Sequential element (xfft_inst/non_floating_point.arch_b.xfft_inst/single_channel.datapath/pe/scaler_gen.scaler_1i/scale_mux/four_inputs.use_lut6.no_lut_sclr.four_to_one_mux[5].latency1.reg) is unused and will be removed from module xfft_v9_1_9_viv.
INFO: [Synth 8-3332] Sequential element (xfft_inst/non_floating_point.arch_b.xfft_inst/single_channel.datapath/pe/scaler_gen.scaler_1i/scale_mux/four_inputs.use_lut6.no_lut_sclr.four_to_one_mux[4].latency1.reg) is unused and will be removed from module xfft_v9_1_9_viv.
INFO: [Synth 8-3332] Sequential element (xfft_inst/non_floating_point.arch_b.xfft_inst/single_channel.datapath/pe/scaler_gen.scaler_1i/scale_mux/four_inputs.use_lut6.no_lut_sclr.four_to_one_mux[3].latency1.reg) is unused and will be removed from module xfft_v9_1_9_viv.
INFO: [Synth 8-3332] Sequential element (xfft_inst/non_floating_point.arch_b.xfft_inst/single_channel.datapath/pe/scaler_gen.scaler_1i/scale_mux/four_inputs.use_lut6.no_lut_sclr.four_to_one_mux[2].latency1.reg) is unused and will be removed from module xfft_v9_1_9_viv.
INFO: [Synth 8-3332] Sequential element (xfft_inst/non_floating_point.arch_b.xfft_inst/single_channel.datapath/pe/scaler_gen.scaler_1i/scale_mux/four_inputs.use_lut6.no_lut_sclr.four_to_one_mux[1].latency1.reg) is unused and will be removed from module xfft_v9_1_9_viv.
INFO: [Synth 8-3332] Sequential element (xfft_inst/non_floating_point.arch_b.xfft_inst/single_channel.datapath/pe/scaler_gen.scaler_1i/scale_mux/four_inputs.use_lut6.no_lut_sclr.four_to_one_mux[0].latency1.reg) is unused and will be removed from module xfft_v9_1_9_viv.
INFO: [Synth 8-3332] Sequential element (xfft_inst/non_floating_point.arch_b.xfft_inst/single_channel.datapath/pe/scaler_gen.scaler_2r/scale_mux/four_inputs.use_lut6.no_lut_sclr.four_to_one_mux[24].latency1.reg) is unused and will be removed from module xfft_v9_1_9_viv.
INFO: [Synth 8-3332] Sequential element (xfft_inst/non_floating_point.arch_b.xfft_inst/single_channel.datapath/pe/scaler_gen.scaler_2r/scale_mux/four_inputs.use_lut6.no_lut_sclr.four_to_one_mux[23].latency1.reg) is unused and will be removed from module xfft_v9_1_9_viv.
INFO: [Synth 8-3332] Sequential element (xfft_inst/non_floating_point.arch_b.xfft_inst/single_channel.datapath/pe/scaler_gen.scaler_2r/scale_mux/four_inputs.use_lut6.no_lut_sclr.four_to_one_mux[22].latency1.reg) is unused and will be removed from module xfft_v9_1_9_viv.
INFO: [Synth 8-3332] Sequential element (xfft_inst/non_floating_point.arch_b.xfft_inst/single_channel.datapath/pe/scaler_gen.scaler_2r/scale_mux/four_inputs.use_lut6.no_lut_sclr.four_to_one_mux[5].latency1.reg) is unused and will be removed from module xfft_v9_1_9_viv.
INFO: [Synth 8-3332] Sequential element (xfft_inst/non_floating_point.arch_b.xfft_inst/single_channel.datapath/pe/scaler_gen.scaler_2r/scale_mux/four_inputs.use_lut6.no_lut_sclr.four_to_one_mux[4].latency1.reg) is unused and will be removed from module xfft_v9_1_9_viv.
INFO: [Synth 8-3332] Sequential element (xfft_inst/non_floating_point.arch_b.xfft_inst/single_channel.datapath/pe/scaler_gen.scaler_2r/scale_mux/four_inputs.use_lut6.no_lut_sclr.four_to_one_mux[3].latency1.reg) is unused and will be removed from module xfft_v9_1_9_viv.
INFO: [Synth 8-3332] Sequential element (xfft_inst/non_floating_point.arch_b.xfft_inst/single_channel.datapath/pe/scaler_gen.scaler_2r/scale_mux/four_inputs.use_lut6.no_lut_sclr.four_to_one_mux[2].latency1.reg) is unused and will be removed from module xfft_v9_1_9_viv.
INFO: [Synth 8-3332] Sequential element (xfft_inst/non_floating_point.arch_b.xfft_inst/single_channel.datapath/pe/scaler_gen.scaler_2r/scale_mux/four_inputs.use_lut6.no_lut_sclr.four_to_one_mux[1].latency1.reg) is unused and will be removed from module xfft_v9_1_9_viv.
INFO: [Synth 8-3332] Sequential element (xfft_inst/non_floating_point.arch_b.xfft_inst/single_channel.datapath/pe/scaler_gen.scaler_2r/scale_mux/four_inputs.use_lut6.no_lut_sclr.four_to_one_mux[0].latency1.reg) is unused and will be removed from module xfft_v9_1_9_viv.
INFO: [Synth 8-3332] Sequential element (xfft_inst/non_floating_point.arch_b.xfft_inst/single_channel.datapath/pe/scaler_gen.scaler_2i/scale_mux/four_inputs.use_lut6.no_lut_sclr.four_to_one_mux[24].latency1.reg) is unused and will be removed from module xfft_v9_1_9_viv.
INFO: [Synth 8-3332] Sequential element (xfft_inst/non_floating_point.arch_b.xfft_inst/single_channel.datapath/pe/scaler_gen.scaler_2i/scale_mux/four_inputs.use_lut6.no_lut_sclr.four_to_one_mux[23].latency1.reg) is unused and will be removed from module xfft_v9_1_9_viv.
INFO: [Synth 8-3332] Sequential element (xfft_inst/non_floating_point.arch_b.xfft_inst/single_channel.datapath/pe/scaler_gen.scaler_2i/scale_mux/four_inputs.use_lut6.no_lut_sclr.four_to_one_mux[22].latency1.reg) is unused and will be removed from module xfft_v9_1_9_viv.
INFO: [Synth 8-3332] Sequential element (xfft_inst/non_floating_point.arch_b.xfft_inst/single_channel.datapath/pe/scaler_gen.scaler_2i/scale_mux/four_inputs.use_lut6.no_lut_sclr.four_to_one_mux[5].latency1.reg) is unused and will be removed from module xfft_v9_1_9_viv.
INFO: [Synth 8-3332] Sequential element (xfft_inst/non_floating_point.arch_b.xfft_inst/single_channel.datapath/pe/scaler_gen.scaler_2i/scale_mux/four_inputs.use_lut6.no_lut_sclr.four_to_one_mux[4].latency1.reg) is unused and will be removed from module xfft_v9_1_9_viv.
INFO: [Synth 8-3332] Sequential element (xfft_inst/non_floating_point.arch_b.xfft_inst/single_channel.datapath/pe/scaler_gen.scaler_2i/scale_mux/four_inputs.use_lut6.no_lut_sclr.four_to_one_mux[3].latency1.reg) is unused and will be removed from module xfft_v9_1_9_viv.
INFO: [Synth 8-3332] Sequential element (xfft_inst/non_floating_point.arch_b.xfft_inst/single_channel.datapath/pe/scaler_gen.scaler_2i/scale_mux/four_inputs.use_lut6.no_lut_sclr.four_to_one_mux[2].latency1.reg) is unused and will be removed from module xfft_v9_1_9_viv.
INFO: [Synth 8-3332] Sequential element (xfft_inst/non_floating_point.arch_b.xfft_inst/single_channel.datapath/pe/scaler_gen.scaler_2i/scale_mux/four_inputs.use_lut6.no_lut_sclr.four_to_one_mux[1].latency1.reg) is unused and will be removed from module xfft_v9_1_9_viv.
INFO: [Synth 8-3332] Sequential element (xfft_inst/non_floating_point.arch_b.xfft_inst/single_channel.datapath/pe/scaler_gen.scaler_2i/scale_mux/four_inputs.use_lut6.no_lut_sclr.four_to_one_mux[0].latency1.reg) is unused and will be removed from module xfft_v9_1_9_viv.
INFO: [Synth 8-3332] Sequential element (xfft_inst/non_floating_point.arch_b.xfft_inst/single_channel.datapath/pe/scaler_gen.scaler_3r/scale_mux/four_inputs.use_lut6.no_lut_sclr.four_to_one_mux[24].latency1.reg) is unused and will be removed from module xfft_v9_1_9_viv.
INFO: [Synth 8-3332] Sequential element (xfft_inst/non_floating_point.arch_b.xfft_inst/single_channel.datapath/pe/scaler_gen.scaler_3r/scale_mux/four_inputs.use_lut6.no_lut_sclr.four_to_one_mux[23].latency1.reg) is unused and will be removed from module xfft_v9_1_9_viv.
INFO: [Synth 8-3332] Sequential element (xfft_inst/non_floating_point.arch_b.xfft_inst/single_channel.datapath/pe/scaler_gen.scaler_3r/scale_mux/four_inputs.use_lut6.no_lut_sclr.four_to_one_mux[22].latency1.reg) is unused and will be removed from module xfft_v9_1_9_viv.
INFO: [Synth 8-3332] Sequential element (xfft_inst/non_floating_point.arch_b.xfft_inst/single_channel.datapath/pe/scaler_gen.scaler_3r/scale_mux/four_inputs.use_lut6.no_lut_sclr.four_to_one_mux[5].latency1.reg) is unused and will be removed from module xfft_v9_1_9_viv.
INFO: [Synth 8-3332] Sequential element (xfft_inst/non_floating_point.arch_b.xfft_inst/single_channel.datapath/pe/scaler_gen.scaler_3r/scale_mux/four_inputs.use_lut6.no_lut_sclr.four_to_one_mux[4].latency1.reg) is unused and will be removed from module xfft_v9_1_9_viv.
INFO: [Synth 8-3332] Sequential element (xfft_inst/non_floating_point.arch_b.xfft_inst/single_channel.datapath/pe/scaler_gen.scaler_3r/scale_mux/four_inputs.use_lut6.no_lut_sclr.four_to_one_mux[3].latency1.reg) is unused and will be removed from module xfft_v9_1_9_viv.
INFO: [Synth 8-3332] Sequential element (xfft_inst/non_floating_point.arch_b.xfft_inst/single_channel.datapath/pe/scaler_gen.scaler_3r/scale_mux/four_inputs.use_lut6.no_lut_sclr.four_to_one_mux[2].latency1.reg) is unused and will be removed from module xfft_v9_1_9_viv.
INFO: [Synth 8-3332] Sequential element (xfft_inst/non_floating_point.arch_b.xfft_inst/single_channel.datapath/pe/scaler_gen.scaler_3r/scale_mux/four_inputs.use_lut6.no_lut_sclr.four_to_one_mux[1].latency1.reg) is unused and will be removed from module xfft_v9_1_9_viv.
INFO: [Synth 8-3332] Sequential element (xfft_inst/non_floating_point.arch_b.xfft_inst/single_channel.datapath/pe/scaler_gen.scaler_3r/scale_mux/four_inputs.use_lut6.no_lut_sclr.four_to_one_mux[0].latency1.reg) is unused and will be removed from module xfft_v9_1_9_viv.
INFO: [Synth 8-3332] Sequential element (xfft_inst/non_floating_point.arch_b.xfft_inst/single_channel.datapath/pe/scaler_gen.scaler_3i/scale_mux/four_inputs.use_lut6.no_lut_sclr.four_to_one_mux[24].latency1.reg) is unused and will be removed from module xfft_v9_1_9_viv.
INFO: [Synth 8-3332] Sequential element (xfft_inst/non_floating_point.arch_b.xfft_inst/single_channel.datapath/pe/scaler_gen.scaler_3i/scale_mux/four_inputs.use_lut6.no_lut_sclr.four_to_one_mux[23].latency1.reg) is unused and will be removed from module xfft_v9_1_9_viv.
INFO: [Synth 8-3332] Sequential element (xfft_inst/non_floating_point.arch_b.xfft_inst/single_channel.datapath/pe/scaler_gen.scaler_3i/scale_mux/four_inputs.use_lut6.no_lut_sclr.four_to_one_mux[22].latency1.reg) is unused and will be removed from module xfft_v9_1_9_viv.
INFO: [Synth 8-3332] Sequential element (xfft_inst/non_floating_point.arch_b.xfft_inst/single_channel.datapath/pe/scaler_gen.scaler_3i/scale_mux/four_inputs.use_lut6.no_lut_sclr.four_to_one_mux[5].latency1.reg) is unused and will be removed from module xfft_v9_1_9_viv.
INFO: [Synth 8-3332] Sequential element (xfft_inst/non_floating_point.arch_b.xfft_inst/single_channel.datapath/pe/scaler_gen.scaler_3i/scale_mux/four_inputs.use_lut6.no_lut_sclr.four_to_one_mux[4].latency1.reg) is unused and will be removed from module xfft_v9_1_9_viv.
INFO: [Synth 8-3332] Sequential element (xfft_inst/non_floating_point.arch_b.xfft_inst/single_channel.datapath/pe/scaler_gen.scaler_3i/scale_mux/four_inputs.use_lut6.no_lut_sclr.four_to_one_mux[3].latency1.reg) is unused and will be removed from module xfft_v9_1_9_viv.
INFO: [Synth 8-3332] Sequential element (xfft_inst/non_floating_point.arch_b.xfft_inst/single_channel.datapath/pe/scaler_gen.scaler_3i/scale_mux/four_inputs.use_lut6.no_lut_sclr.four_to_one_mux[2].latency1.reg) is unused and will be removed from module xfft_v9_1_9_viv.
INFO: [Synth 8-3332] Sequential element (xfft_inst/non_floating_point.arch_b.xfft_inst/single_channel.datapath/pe/scaler_gen.scaler_3i/scale_mux/four_inputs.use_lut6.no_lut_sclr.four_to_one_mux[1].latency1.reg) is unused and will be removed from module xfft_v9_1_9_viv.
INFO: [Synth 8-3332] Sequential element (xfft_inst/non_floating_point.arch_b.xfft_inst/single_channel.datapath/pe/scaler_gen.scaler_3i/scale_mux/four_inputs.use_lut6.no_lut_sclr.four_to_one_mux[0].latency1.reg) is unused and will be removed from module xfft_v9_1_9_viv.
---------------------------------------------------------------------------------
Finished Cross Boundary and Area Optimization : Time (s): cpu = 00:00:49 ; elapsed = 00:01:02 . Memory (MB): peak = 2959.262 ; gain = 1100.594
---------------------------------------------------------------------------------
---------------------------------------------------------------------------------
Start Applying XDC Timing Constraints
---------------------------------------------------------------------------------
---------------------------------------------------------------------------------
Finished Applying XDC Timing Constraints : Time (s): cpu = 00:00:55 ; elapsed = 00:01:09 . Memory (MB): peak = 2959.262 ; gain = 1100.594
---------------------------------------------------------------------------------
---------------------------------------------------------------------------------
Start Timing Optimization
---------------------------------------------------------------------------------
---------------------------------------------------------------------------------
Finished Timing Optimization : Time (s): cpu = 00:00:56 ; elapsed = 00:01:10 . Memory (MB): peak = 2959.262 ; gain = 1100.594
---------------------------------------------------------------------------------
---------------------------------------------------------------------------------
Start Technology Mapping
---------------------------------------------------------------------------------
---------------------------------------------------------------------------------
Finished Technology Mapping : Time (s): cpu = 00:00:57 ; elapsed = 00:01:11 . Memory (MB): peak = 2959.262 ; gain = 1100.594
---------------------------------------------------------------------------------
---------------------------------------------------------------------------------
Start IO Insertion
---------------------------------------------------------------------------------
---------------------------------------------------------------------------------
Start Flattening Before IO Insertion
---------------------------------------------------------------------------------
---------------------------------------------------------------------------------
Finished Flattening Before IO Insertion
---------------------------------------------------------------------------------
---------------------------------------------------------------------------------
Start Final Netlist Cleanup
---------------------------------------------------------------------------------
---------------------------------------------------------------------------------
Finished Final Netlist Cleanup
---------------------------------------------------------------------------------
---------------------------------------------------------------------------------
Finished IO Insertion : Time (s): cpu = 00:01:01 ; elapsed = 00:01:16 . Memory (MB): peak = 2959.262 ; gain = 1100.594
---------------------------------------------------------------------------------
---------------------------------------------------------------------------------
Start Renaming Generated Instances
---------------------------------------------------------------------------------
---------------------------------------------------------------------------------
Finished Renaming Generated Instances : Time (s): cpu = 00:01:01 ; elapsed = 00:01:16 . Memory (MB): peak = 2959.262 ; gain = 1100.594
---------------------------------------------------------------------------------
---------------------------------------------------------------------------------
Start Rebuilding User Hierarchy
---------------------------------------------------------------------------------
---------------------------------------------------------------------------------
Finished Rebuilding User Hierarchy : Time (s): cpu = 00:01:02 ; elapsed = 00:01:16 . Memory (MB): peak = 2959.262 ; gain = 1100.594
---------------------------------------------------------------------------------
---------------------------------------------------------------------------------
Start Renaming Generated Ports
---------------------------------------------------------------------------------
---------------------------------------------------------------------------------
Finished Renaming Generated Ports : Time (s): cpu = 00:01:02 ; elapsed = 00:01:16 . Memory (MB): peak = 2959.262 ; gain = 1100.594
---------------------------------------------------------------------------------
---------------------------------------------------------------------------------
Start Handling Custom Attributes
---------------------------------------------------------------------------------
---------------------------------------------------------------------------------
Finished Handling Custom Attributes : Time (s): cpu = 00:01:02 ; elapsed = 00:01:17 . Memory (MB): peak = 2959.262 ; gain = 1100.594
---------------------------------------------------------------------------------
---------------------------------------------------------------------------------
Start Renaming Generated Nets
---------------------------------------------------------------------------------
---------------------------------------------------------------------------------
Finished Renaming Generated Nets : Time (s): cpu = 00:01:02 ; elapsed = 00:01:17 . Memory (MB): peak = 2959.262 ; gain = 1100.594
---------------------------------------------------------------------------------
---------------------------------------------------------------------------------
Start Writing Synthesis Report
---------------------------------------------------------------------------------

DSP Final Report (the ' indicates corresponding REG is set)
+------------------------+--------------------------+--------+--------+--------+--------+--------+------+------+------+------+-------+------+------+
|Module Name             | DSP Mapping              | A Size | B Size | C Size | D Size | P Size | AREG | BREG | CREG | DREG | ADREG | MREG | PREG | 
+------------------------+--------------------------+--------+--------+--------+--------+--------+------+------+------+------+-------+------+------+
|dsp_112                 | (C'-(((D'+A'')'*B'')'))' | 25     | 18     | 48     | 25     | 43     | 2    | 2    | 2    | 2    | 1     | 1    | 1    | 
|dsp__parameterized0_111 | (C+((D'+A')'*B'')')'     | 25     | 18     | 11     | 25     | 43     | 1    | 2    | 2    | 2    | 1     | 1    | 1    | 
|dsp__parameterized1_109 | (C'+((D'-A'')'*B'')')'   | 25     | 18     | 48     | 25     | 43     | 2    | 2    | 2    | 2    | 1     | 1    | 1    | 
|dsp_99                  | (C'-(((D'+A'')'*B'')'))' | 25     | 18     | 48     | 25     | 43     | 2    | 2    | 2    | 2    | 1     | 1    | 1    | 
|dsp__parameterized0_98  | (C+((D'+A')'*B'')')'     | 25     | 18     | 11     | 25     | 43     | 1    | 2    | 2    | 2    | 1     | 1    | 1    | 
|dsp__parameterized1_96  | (C'+((D'-A'')'*B'')')'   | 25     | 18     | 48     | 25     | 43     | 2    | 2    | 2    | 2    | 1     | 1    | 1    | 
|dsp                     | (C'-(((D'+A'')'*B'')'))' | 25     | 18     | 48     | 25     | 43     | 2    | 2    | 2    | 2    | 1     | 1    | 1    | 
|dsp__parameterized0     | (C+((D'+A')'*B'')')'     | 25     | 18     | 11     | 25     | 43     | 1    | 2    | 2    | 2    | 1     | 1    | 1    | 
|dsp__parameterized1     | (C'+((D'-A'')'*B'')')'   | 25     | 18     | 48     | 25     | 43     | 2    | 2    | 2    | 2    | 1     | 1    | 1    | 
+------------------------+--------------------------+--------+--------+--------+--------+--------+------+------+------+------+-------+------+------+


Report BlackBoxes: 
+-+--------------+----------+
| |BlackBox name |Instances |
+-+--------------+----------+
+-+--------------+----------+

Report Cell Usage: 
+------+---------+------+
|      |Cell     |Count |
+------+---------+------+
|1     |CARRY4   |    20|
|2     |DSP48E1  |     9|
|4     |LUT1     |    26|
|5     |LUT2     |   346|
|6     |LUT3     |   460|
|7     |LUT4     |    41|
|8     |LUT5     |    33|
|9     |LUT6     |   469|
|10    |MUXCY    |   368|
|11    |MUXF7    |     2|
|12    |RAMB18E1 |     7|
|14    |SRL16E   |   202|
|15    |SRLC32E  |     2|
|16    |XORCY    |   360|
|17    |FD       |     2|
|18    |FDE      |    26|
|19    |FDRE     |  2335|
|20    |FDSE     |     5|
+------+---------+------+
---------------------------------------------------------------------------------
Finished Writing Synthesis Report : Time (s): cpu = 00:01:02 ; elapsed = 00:01:17 . Memory (MB): peak = 2959.262 ; gain = 1100.594
---------------------------------------------------------------------------------
Synthesis finished with 0 errors, 0 critical warnings and 312 warnings.
Synthesis Optimization Runtime : Time (s): cpu = 00:00:23 ; elapsed = 00:01:13 . Memory (MB): peak = 2959.262 ; gain = 1100.594
Synthesis Optimization Complete : Time (s): cpu = 00:01:02 ; elapsed = 00:01:17 . Memory (MB): peak = 2959.262 ; gain = 1100.594
INFO: [Project 1-571] Translating synthesized netlist
Netlist sorting complete. Time (s): cpu = 00:00:00 ; elapsed = 00:00:00.126 . Memory (MB): peak = 2959.262 ; gain = 0.000
INFO: [Netlist 29-17] Analyzing 794 Unisim elements for replacement
INFO: [Netlist 29-28] Unisim Transformation completed in 0 CPU seconds
INFO: [Project 1-570] Preparing netlist for logic optimization
INFO: [Opt 31-138] Pushed 0 inverter(s) to 0 load pin(s).
Netlist sorting complete. Time (s): cpu = 00:00:00 ; elapsed = 00:00:00.002 . Memory (MB): peak = 2959.262 ; gain = 0.000
INFO: [Project 1-111] Unisim Transformation Summary:
  A total of 140 instances were transformed.
  (MUXCY,XORCY) => CARRY4: 112 instances
  FD => FDRE: 2 instances
  FDE => FDRE: 26 instances

Synth Design complete | Checksum: cd8e892b
INFO: [Common 17-83] Releasing license: Synthesis
153 Infos, 101 Warnings, 0 Critical Warnings and 0 Errors encountered.
synth_design completed successfully
synth_design: Time (s): cpu = 00:01:08 ; elapsed = 00:01:24 . Memory (MB): peak = 2959.262 ; gain = 1541.137
INFO: [Common 17-1381] The checkpoint 'C:/Users/Administrator/Desktop/tb/tb/tb.runs/xfft_0_synth_1/xfft_0.dcp' has been generated.
INFO: [Coretcl 2-1648] Added synthesis output to IP cache for IP xfft_0, cache-ID = cd71652bcba3bc5a
INFO: [Coretcl 2-1174] Renamed 336 cell refs.
INFO: [Common 17-1381] The checkpoint 'C:/Users/Administrator/Desktop/tb/tb/tb.runs/xfft_0_synth_1/xfft_0.dcp' has been generated.
INFO: [runtcl-4] Executing : report_utilization -file xfft_0_utilization_synth.rpt -pb xfft_0_utilization_synth.pb
INFO: [Common 17-206] Exiting Vivado at Fri Nov  1 22:36:00 2024...
