Copyright 1986-2022 Xilinx, Inc. All Rights Reserved. Copyright 2022-2023 Advanced Micro Devices, Inc. All Rights Reserved.
---------------------------------------------------------------------------------------------------------------------------------------------
| Tool Version : Vivado v.2023.1 (win64) Build 3865809 Sun May  7 15:05:29 MDT 2023
| Date         : Sun Nov 10 19:38:40 2024
| Host         : LAPTOP-Q21U1JRJ running 64-bit major release  (build 9200)
| Command      : report_drc -file TxTop_drc_opted.rpt -pb TxTop_drc_opted.pb -rpx TxTop_drc_opted.rpx
| Design       : TxTop
| Device       : xc7k325tffg676-2
| Speed File   : -2
| Design State : Synthesized
---------------------------------------------------------------------------------------------------------------------------------------------

Report DRC

Table of Contents
-----------------
1. REPORT SUMMARY
2. REPORT DETAILS

1. REPORT SUMMARY
-----------------
            Netlist: netlist
          Floorplan: design_1
      Design limits: <entire design considered>
           Ruledeck: default
             Max violations: <unlimited>
             Violations found: 77
+-----------+----------+-----------------------------------------------------+------------+
| Rule      | Severity | Description                                         | Violations |
+-----------+----------+-----------------------------------------------------+------------+
| CFGBVS-1  | Warning  | Missing CFGBVS and CONFIG_VOLTAGE Design Properties | 1          |
| CHECK-3   | Warning  | Report rule limit reached                           | 3          |
| REQP-101  | Warning  | enum_NUM_CE_1_connects_CE2_ACTIVE_connects_CE2_GND  | 16         |
| REQP-1580 | Warning  | Phase alignment                                     | 16         |
| REQP-1839 | Warning  | RAMB36 async control check                          | 20         |
| REQP-1840 | Warning  | RAMB18 async control check                          | 20         |
| REQP-165  | Advisory | writefirst                                          | 1          |
+-----------+----------+-----------------------------------------------------+------------+

2. REPORT DETAILS
-----------------
CFGBVS-1#1 Warning
Missing CFGBVS and CONFIG_VOLTAGE Design Properties  
Neither the CFGBVS nor CONFIG_VOLTAGE voltage property is set in the current_design.  Configuration bank voltage select (CFGBVS) must be set to VCCO or GND, and CONFIG_VOLTAGE must be set to the correct configuration voltage, in order to determine the I/O voltage support for the pins in bank 0.  It is suggested to specify these either using the 'Edit Device Properties' function in the GUI or directly in the XDC file using the following syntax:

 set_property CFGBVS value1 [current_design]
 #where value1 is either VCCO or GND

 set_property CONFIG_VOLTAGE value2 [current_design]
 #where value2 is the voltage provided to configuration bank 0

Refer to the device configuration user guide for more information.
Related violations: <none>

CHECK-3#1 Warning
Report rule limit reached  
REQP-1839 rule limit reached: 20 violations have been found.
Related violations: <none>

CHECK-3#2 Warning
Report rule limit reached  
REQP-1839 rule limit reached: 20 violations have been found.
Related violations: <none>

CHECK-3#3 Warning
Report rule limit reached  
REQP-1840 rule limit reached: 20 violations have been found.
Related violations: <none>

REQP-101#1 Warning
enum_NUM_CE_1_connects_CE2_ACTIVE_connects_CE2_GND  
workClockArea_ddr3AxisTxIf/bmbClockArea_bmbDfiDdr3/ddr3_dfi_phy_0/ddr3Phy/u_serdes_dq_in0: Useless CE2 input pin. With NUM_CE set 1, the CE2 input pin is being ignored.
Related violations: <none>

REQP-101#2 Warning
enum_NUM_CE_1_connects_CE2_ACTIVE_connects_CE2_GND  
workClockArea_ddr3AxisTxIf/bmbClockArea_bmbDfiDdr3/ddr3_dfi_phy_0/ddr3Phy/u_serdes_dq_in10: Useless CE2 input pin. With NUM_CE set 1, the CE2 input pin is being ignored.
Related violations: <none>

REQP-101#3 Warning
enum_NUM_CE_1_connects_CE2_ACTIVE_connects_CE2_GND  
workClockArea_ddr3AxisTxIf/bmbClockArea_bmbDfiDdr3/ddr3_dfi_phy_0/ddr3Phy/u_serdes_dq_in11: Useless CE2 input pin. With NUM_CE set 1, the CE2 input pin is being ignored.
Related violations: <none>

REQP-101#4 Warning
enum_NUM_CE_1_connects_CE2_ACTIVE_connects_CE2_GND  
workClockArea_ddr3AxisTxIf/bmbClockArea_bmbDfiDdr3/ddr3_dfi_phy_0/ddr3Phy/u_serdes_dq_in12: Useless CE2 input pin. With NUM_CE set 1, the CE2 input pin is being ignored.
Related violations: <none>

REQP-101#5 Warning
enum_NUM_CE_1_connects_CE2_ACTIVE_connects_CE2_GND  
workClockArea_ddr3AxisTxIf/bmbClockArea_bmbDfiDdr3/ddr3_dfi_phy_0/ddr3Phy/u_serdes_dq_in13: Useless CE2 input pin. With NUM_CE set 1, the CE2 input pin is being ignored.
Related violations: <none>

REQP-101#6 Warning
enum_NUM_CE_1_connects_CE2_ACTIVE_connects_CE2_GND  
workClockArea_ddr3AxisTxIf/bmbClockArea_bmbDfiDdr3/ddr3_dfi_phy_0/ddr3Phy/u_serdes_dq_in14: Useless CE2 input pin. With NUM_CE set 1, the CE2 input pin is being ignored.
Related violations: <none>

REQP-101#7 Warning
enum_NUM_CE_1_connects_CE2_ACTIVE_connects_CE2_GND  
workClockArea_ddr3AxisTxIf/bmbClockArea_bmbDfiDdr3/ddr3_dfi_phy_0/ddr3Phy/u_serdes_dq_in15: Useless CE2 input pin. With NUM_CE set 1, the CE2 input pin is being ignored.
Related violations: <none>

REQP-101#8 Warning
enum_NUM_CE_1_connects_CE2_ACTIVE_connects_CE2_GND  
workClockArea_ddr3AxisTxIf/bmbClockArea_bmbDfiDdr3/ddr3_dfi_phy_0/ddr3Phy/u_serdes_dq_in1: Useless CE2 input pin. With NUM_CE set 1, the CE2 input pin is being ignored.
Related violations: <none>

REQP-101#9 Warning
enum_NUM_CE_1_connects_CE2_ACTIVE_connects_CE2_GND  
workClockArea_ddr3AxisTxIf/bmbClockArea_bmbDfiDdr3/ddr3_dfi_phy_0/ddr3Phy/u_serdes_dq_in2: Useless CE2 input pin. With NUM_CE set 1, the CE2 input pin is being ignored.
Related violations: <none>

REQP-101#10 Warning
enum_NUM_CE_1_connects_CE2_ACTIVE_connects_CE2_GND  
workClockArea_ddr3AxisTxIf/bmbClockArea_bmbDfiDdr3/ddr3_dfi_phy_0/ddr3Phy/u_serdes_dq_in3: Useless CE2 input pin. With NUM_CE set 1, the CE2 input pin is being ignored.
Related violations: <none>

REQP-101#11 Warning
enum_NUM_CE_1_connects_CE2_ACTIVE_connects_CE2_GND  
workClockArea_ddr3AxisTxIf/bmbClockArea_bmbDfiDdr3/ddr3_dfi_phy_0/ddr3Phy/u_serdes_dq_in4: Useless CE2 input pin. With NUM_CE set 1, the CE2 input pin is being ignored.
Related violations: <none>

REQP-101#12 Warning
enum_NUM_CE_1_connects_CE2_ACTIVE_connects_CE2_GND  
workClockArea_ddr3AxisTxIf/bmbClockArea_bmbDfiDdr3/ddr3_dfi_phy_0/ddr3Phy/u_serdes_dq_in5: Useless CE2 input pin. With NUM_CE set 1, the CE2 input pin is being ignored.
Related violations: <none>

REQP-101#13 Warning
enum_NUM_CE_1_connects_CE2_ACTIVE_connects_CE2_GND  
workClockArea_ddr3AxisTxIf/bmbClockArea_bmbDfiDdr3/ddr3_dfi_phy_0/ddr3Phy/u_serdes_dq_in6: Useless CE2 input pin. With NUM_CE set 1, the CE2 input pin is being ignored.
Related violations: <none>

REQP-101#14 Warning
enum_NUM_CE_1_connects_CE2_ACTIVE_connects_CE2_GND  
workClockArea_ddr3AxisTxIf/bmbClockArea_bmbDfiDdr3/ddr3_dfi_phy_0/ddr3Phy/u_serdes_dq_in7: Useless CE2 input pin. With NUM_CE set 1, the CE2 input pin is being ignored.
Related violations: <none>

REQP-101#15 Warning
enum_NUM_CE_1_connects_CE2_ACTIVE_connects_CE2_GND  
workClockArea_ddr3AxisTxIf/bmbClockArea_bmbDfiDdr3/ddr3_dfi_phy_0/ddr3Phy/u_serdes_dq_in8: Useless CE2 input pin. With NUM_CE set 1, the CE2 input pin is being ignored.
Related violations: <none>

REQP-101#16 Warning
enum_NUM_CE_1_connects_CE2_ACTIVE_connects_CE2_GND  
workClockArea_ddr3AxisTxIf/bmbClockArea_bmbDfiDdr3/ddr3_dfi_phy_0/ddr3Phy/u_serdes_dq_in9: Useless CE2 input pin. With NUM_CE set 1, the CE2 input pin is being ignored.
Related violations: <none>

REQP-1580#1 Warning
Phase alignment  
Unsupported clocking topology used for ISERDESE2 workClockArea_ddr3AxisTxIf/bmbClockArea_bmbDfiDdr3/ddr3_dfi_phy_0/ddr3Phy/u_serdes_dq_in0. This can result in corrupted data. The workClockArea_ddr3AxisTxIf/bmbClockArea_bmbDfiDdr3/ddr3_dfi_phy_0/ddr3Phy/u_serdes_dq_in0/OCLK / workClockArea_ddr3AxisTxIf/bmbClockArea_bmbDfiDdr3/ddr3_dfi_phy_0/ddr3Phy/u_serdes_dq_in0/CLKDIV pins should be driven by the same source through the same buffer type or by a BUFIO / BUFR combination in order to have a proper phase relationship and the workClockArea_ddr3AxisTxIf/bmbClockArea_bmbDfiDdr3/ddr3_dfi_phy_0/ddr3Phy/u_serdes_dq_in0/CLK pin should be driven similarly to the workClockArea_ddr3AxisTxIf/bmbClockArea_bmbDfiDdr3/ddr3_dfi_phy_0/ddr3Phy/u_serdes_dq_in0/OCLK pin. Please refer to the Select I/O User Guide for supported clocking topologies of the chosen INTERFACE_TYPE mode.
Related violations: <none>

REQP-1580#2 Warning
Phase alignment  
Unsupported clocking topology used for ISERDESE2 workClockArea_ddr3AxisTxIf/bmbClockArea_bmbDfiDdr3/ddr3_dfi_phy_0/ddr3Phy/u_serdes_dq_in1. This can result in corrupted data. The workClockArea_ddr3AxisTxIf/bmbClockArea_bmbDfiDdr3/ddr3_dfi_phy_0/ddr3Phy/u_serdes_dq_in1/OCLK / workClockArea_ddr3AxisTxIf/bmbClockArea_bmbDfiDdr3/ddr3_dfi_phy_0/ddr3Phy/u_serdes_dq_in1/CLKDIV pins should be driven by the same source through the same buffer type or by a BUFIO / BUFR combination in order to have a proper phase relationship and the workClockArea_ddr3AxisTxIf/bmbClockArea_bmbDfiDdr3/ddr3_dfi_phy_0/ddr3Phy/u_serdes_dq_in1/CLK pin should be driven similarly to the workClockArea_ddr3AxisTxIf/bmbClockArea_bmbDfiDdr3/ddr3_dfi_phy_0/ddr3Phy/u_serdes_dq_in1/OCLK pin. Please refer to the Select I/O User Guide for supported clocking topologies of the chosen INTERFACE_TYPE mode.
Related violations: <none>

REQP-1580#3 Warning
Phase alignment  
Unsupported clocking topology used for ISERDESE2 workClockArea_ddr3AxisTxIf/bmbClockArea_bmbDfiDdr3/ddr3_dfi_phy_0/ddr3Phy/u_serdes_dq_in10. This can result in corrupted data. The workClockArea_ddr3AxisTxIf/bmbClockArea_bmbDfiDdr3/ddr3_dfi_phy_0/ddr3Phy/u_serdes_dq_in10/OCLK / workClockArea_ddr3AxisTxIf/bmbClockArea_bmbDfiDdr3/ddr3_dfi_phy_0/ddr3Phy/u_serdes_dq_in10/CLKDIV pins should be driven by the same source through the same buffer type or by a BUFIO / BUFR combination in order to have a proper phase relationship and the workClockArea_ddr3AxisTxIf/bmbClockArea_bmbDfiDdr3/ddr3_dfi_phy_0/ddr3Phy/u_serdes_dq_in10/CLK pin should be driven similarly to the workClockArea_ddr3AxisTxIf/bmbClockArea_bmbDfiDdr3/ddr3_dfi_phy_0/ddr3Phy/u_serdes_dq_in10/OCLK pin. Please refer to the Select I/O User Guide for supported clocking topologies of the chosen INTERFACE_TYPE mode.
Related violations: <none>

REQP-1580#4 Warning
Phase alignment  
Unsupported clocking topology used for ISERDESE2 workClockArea_ddr3AxisTxIf/bmbClockArea_bmbDfiDdr3/ddr3_dfi_phy_0/ddr3Phy/u_serdes_dq_in11. This can result in corrupted data. The workClockArea_ddr3AxisTxIf/bmbClockArea_bmbDfiDdr3/ddr3_dfi_phy_0/ddr3Phy/u_serdes_dq_in11/OCLK / workClockArea_ddr3AxisTxIf/bmbClockArea_bmbDfiDdr3/ddr3_dfi_phy_0/ddr3Phy/u_serdes_dq_in11/CLKDIV pins should be driven by the same source through the same buffer type or by a BUFIO / BUFR combination in order to have a proper phase relationship and the workClockArea_ddr3AxisTxIf/bmbClockArea_bmbDfiDdr3/ddr3_dfi_phy_0/ddr3Phy/u_serdes_dq_in11/CLK pin should be driven similarly to the workClockArea_ddr3AxisTxIf/bmbClockArea_bmbDfiDdr3/ddr3_dfi_phy_0/ddr3Phy/u_serdes_dq_in11/OCLK pin. Please refer to the Select I/O User Guide for supported clocking topologies of the chosen INTERFACE_TYPE mode.
Related violations: <none>

REQP-1580#5 Warning
Phase alignment  
Unsupported clocking topology used for ISERDESE2 workClockArea_ddr3AxisTxIf/bmbClockArea_bmbDfiDdr3/ddr3_dfi_phy_0/ddr3Phy/u_serdes_dq_in12. This can result in corrupted data. The workClockArea_ddr3AxisTxIf/bmbClockArea_bmbDfiDdr3/ddr3_dfi_phy_0/ddr3Phy/u_serdes_dq_in12/OCLK / workClockArea_ddr3AxisTxIf/bmbClockArea_bmbDfiDdr3/ddr3_dfi_phy_0/ddr3Phy/u_serdes_dq_in12/CLKDIV pins should be driven by the same source through the same buffer type or by a BUFIO / BUFR combination in order to have a proper phase relationship and the workClockArea_ddr3AxisTxIf/bmbClockArea_bmbDfiDdr3/ddr3_dfi_phy_0/ddr3Phy/u_serdes_dq_in12/CLK pin should be driven similarly to the workClockArea_ddr3AxisTxIf/bmbClockArea_bmbDfiDdr3/ddr3_dfi_phy_0/ddr3Phy/u_serdes_dq_in12/OCLK pin. Please refer to the Select I/O User Guide for supported clocking topologies of the chosen INTERFACE_TYPE mode.
Related violations: <none>

REQP-1580#6 Warning
Phase alignment  
Unsupported clocking topology used for ISERDESE2 workClockArea_ddr3AxisTxIf/bmbClockArea_bmbDfiDdr3/ddr3_dfi_phy_0/ddr3Phy/u_serdes_dq_in13. This can result in corrupted data. The workClockArea_ddr3AxisTxIf/bmbClockArea_bmbDfiDdr3/ddr3_dfi_phy_0/ddr3Phy/u_serdes_dq_in13/OCLK / workClockArea_ddr3AxisTxIf/bmbClockArea_bmbDfiDdr3/ddr3_dfi_phy_0/ddr3Phy/u_serdes_dq_in13/CLKDIV pins should be driven by the same source through the same buffer type or by a BUFIO / BUFR combination in order to have a proper phase relationship and the workClockArea_ddr3AxisTxIf/bmbClockArea_bmbDfiDdr3/ddr3_dfi_phy_0/ddr3Phy/u_serdes_dq_in13/CLK pin should be driven similarly to the workClockArea_ddr3AxisTxIf/bmbClockArea_bmbDfiDdr3/ddr3_dfi_phy_0/ddr3Phy/u_serdes_dq_in13/OCLK pin. Please refer to the Select I/O User Guide for supported clocking topologies of the chosen INTERFACE_TYPE mode.
Related violations: <none>

REQP-1580#7 Warning
Phase alignment  
Unsupported clocking topology used for ISERDESE2 workClockArea_ddr3AxisTxIf/bmbClockArea_bmbDfiDdr3/ddr3_dfi_phy_0/ddr3Phy/u_serdes_dq_in14. This can result in corrupted data. The workClockArea_ddr3AxisTxIf/bmbClockArea_bmbDfiDdr3/ddr3_dfi_phy_0/ddr3Phy/u_serdes_dq_in14/OCLK / workClockArea_ddr3AxisTxIf/bmbClockArea_bmbDfiDdr3/ddr3_dfi_phy_0/ddr3Phy/u_serdes_dq_in14/CLKDIV pins should be driven by the same source through the same buffer type or by a BUFIO / BUFR combination in order to have a proper phase relationship and the workClockArea_ddr3AxisTxIf/bmbClockArea_bmbDfiDdr3/ddr3_dfi_phy_0/ddr3Phy/u_serdes_dq_in14/CLK pin should be driven similarly to the workClockArea_ddr3AxisTxIf/bmbClockArea_bmbDfiDdr3/ddr3_dfi_phy_0/ddr3Phy/u_serdes_dq_in14/OCLK pin. Please refer to the Select I/O User Guide for supported clocking topologies of the chosen INTERFACE_TYPE mode.
Related violations: <none>

REQP-1580#8 Warning
Phase alignment  
Unsupported clocking topology used for ISERDESE2 workClockArea_ddr3AxisTxIf/bmbClockArea_bmbDfiDdr3/ddr3_dfi_phy_0/ddr3Phy/u_serdes_dq_in15. This can result in corrupted data. The workClockArea_ddr3AxisTxIf/bmbClockArea_bmbDfiDdr3/ddr3_dfi_phy_0/ddr3Phy/u_serdes_dq_in15/OCLK / workClockArea_ddr3AxisTxIf/bmbClockArea_bmbDfiDdr3/ddr3_dfi_phy_0/ddr3Phy/u_serdes_dq_in15/CLKDIV pins should be driven by the same source through the same buffer type or by a BUFIO / BUFR combination in order to have a proper phase relationship and the workClockArea_ddr3AxisTxIf/bmbClockArea_bmbDfiDdr3/ddr3_dfi_phy_0/ddr3Phy/u_serdes_dq_in15/CLK pin should be driven similarly to the workClockArea_ddr3AxisTxIf/bmbClockArea_bmbDfiDdr3/ddr3_dfi_phy_0/ddr3Phy/u_serdes_dq_in15/OCLK pin. Please refer to the Select I/O User Guide for supported clocking topologies of the chosen INTERFACE_TYPE mode.
Related violations: <none>

REQP-1580#9 Warning
Phase alignment  
Unsupported clocking topology used for ISERDESE2 workClockArea_ddr3AxisTxIf/bmbClockArea_bmbDfiDdr3/ddr3_dfi_phy_0/ddr3Phy/u_serdes_dq_in2. This can result in corrupted data. The workClockArea_ddr3AxisTxIf/bmbClockArea_bmbDfiDdr3/ddr3_dfi_phy_0/ddr3Phy/u_serdes_dq_in2/OCLK / workClockArea_ddr3AxisTxIf/bmbClockArea_bmbDfiDdr3/ddr3_dfi_phy_0/ddr3Phy/u_serdes_dq_in2/CLKDIV pins should be driven by the same source through the same buffer type or by a BUFIO / BUFR combination in order to have a proper phase relationship and the workClockArea_ddr3AxisTxIf/bmbClockArea_bmbDfiDdr3/ddr3_dfi_phy_0/ddr3Phy/u_serdes_dq_in2/CLK pin should be driven similarly to the workClockArea_ddr3AxisTxIf/bmbClockArea_bmbDfiDdr3/ddr3_dfi_phy_0/ddr3Phy/u_serdes_dq_in2/OCLK pin. Please refer to the Select I/O User Guide for supported clocking topologies of the chosen INTERFACE_TYPE mode.
Related violations: <none>

REQP-1580#10 Warning
Phase alignment  
Unsupported clocking topology used for ISERDESE2 workClockArea_ddr3AxisTxIf/bmbClockArea_bmbDfiDdr3/ddr3_dfi_phy_0/ddr3Phy/u_serdes_dq_in3. This can result in corrupted data. The workClockArea_ddr3AxisTxIf/bmbClockArea_bmbDfiDdr3/ddr3_dfi_phy_0/ddr3Phy/u_serdes_dq_in3/OCLK / workClockArea_ddr3AxisTxIf/bmbClockArea_bmbDfiDdr3/ddr3_dfi_phy_0/ddr3Phy/u_serdes_dq_in3/CLKDIV pins should be driven by the same source through the same buffer type or by a BUFIO / BUFR combination in order to have a proper phase relationship and the workClockArea_ddr3AxisTxIf/bmbClockArea_bmbDfiDdr3/ddr3_dfi_phy_0/ddr3Phy/u_serdes_dq_in3/CLK pin should be driven similarly to the workClockArea_ddr3AxisTxIf/bmbClockArea_bmbDfiDdr3/ddr3_dfi_phy_0/ddr3Phy/u_serdes_dq_in3/OCLK pin. Please refer to the Select I/O User Guide for supported clocking topologies of the chosen INTERFACE_TYPE mode.
Related violations: <none>

REQP-1580#11 Warning
Phase alignment  
Unsupported clocking topology used for ISERDESE2 workClockArea_ddr3AxisTxIf/bmbClockArea_bmbDfiDdr3/ddr3_dfi_phy_0/ddr3Phy/u_serdes_dq_in4. This can result in corrupted data. The workClockArea_ddr3AxisTxIf/bmbClockArea_bmbDfiDdr3/ddr3_dfi_phy_0/ddr3Phy/u_serdes_dq_in4/OCLK / workClockArea_ddr3AxisTxIf/bmbClockArea_bmbDfiDdr3/ddr3_dfi_phy_0/ddr3Phy/u_serdes_dq_in4/CLKDIV pins should be driven by the same source through the same buffer type or by a BUFIO / BUFR combination in order to have a proper phase relationship and the workClockArea_ddr3AxisTxIf/bmbClockArea_bmbDfiDdr3/ddr3_dfi_phy_0/ddr3Phy/u_serdes_dq_in4/CLK pin should be driven similarly to the workClockArea_ddr3AxisTxIf/bmbClockArea_bmbDfiDdr3/ddr3_dfi_phy_0/ddr3Phy/u_serdes_dq_in4/OCLK pin. Please refer to the Select I/O User Guide for supported clocking topologies of the chosen INTERFACE_TYPE mode.
Related violations: <none>

REQP-1580#12 Warning
Phase alignment  
Unsupported clocking topology used for ISERDESE2 workClockArea_ddr3AxisTxIf/bmbClockArea_bmbDfiDdr3/ddr3_dfi_phy_0/ddr3Phy/u_serdes_dq_in5. This can result in corrupted data. The workClockArea_ddr3AxisTxIf/bmbClockArea_bmbDfiDdr3/ddr3_dfi_phy_0/ddr3Phy/u_serdes_dq_in5/OCLK / workClockArea_ddr3AxisTxIf/bmbClockArea_bmbDfiDdr3/ddr3_dfi_phy_0/ddr3Phy/u_serdes_dq_in5/CLKDIV pins should be driven by the same source through the same buffer type or by a BUFIO / BUFR combination in order to have a proper phase relationship and the workClockArea_ddr3AxisTxIf/bmbClockArea_bmbDfiDdr3/ddr3_dfi_phy_0/ddr3Phy/u_serdes_dq_in5/CLK pin should be driven similarly to the workClockArea_ddr3AxisTxIf/bmbClockArea_bmbDfiDdr3/ddr3_dfi_phy_0/ddr3Phy/u_serdes_dq_in5/OCLK pin. Please refer to the Select I/O User Guide for supported clocking topologies of the chosen INTERFACE_TYPE mode.
Related violations: <none>

REQP-1580#13 Warning
Phase alignment  
Unsupported clocking topology used for ISERDESE2 workClockArea_ddr3AxisTxIf/bmbClockArea_bmbDfiDdr3/ddr3_dfi_phy_0/ddr3Phy/u_serdes_dq_in6. This can result in corrupted data. The workClockArea_ddr3AxisTxIf/bmbClockArea_bmbDfiDdr3/ddr3_dfi_phy_0/ddr3Phy/u_serdes_dq_in6/OCLK / workClockArea_ddr3AxisTxIf/bmbClockArea_bmbDfiDdr3/ddr3_dfi_phy_0/ddr3Phy/u_serdes_dq_in6/CLKDIV pins should be driven by the same source through the same buffer type or by a BUFIO / BUFR combination in order to have a proper phase relationship and the workClockArea_ddr3AxisTxIf/bmbClockArea_bmbDfiDdr3/ddr3_dfi_phy_0/ddr3Phy/u_serdes_dq_in6/CLK pin should be driven similarly to the workClockArea_ddr3AxisTxIf/bmbClockArea_bmbDfiDdr3/ddr3_dfi_phy_0/ddr3Phy/u_serdes_dq_in6/OCLK pin. Please refer to the Select I/O User Guide for supported clocking topologies of the chosen INTERFACE_TYPE mode.
Related violations: <none>

REQP-1580#14 Warning
Phase alignment  
Unsupported clocking topology used for ISERDESE2 workClockArea_ddr3AxisTxIf/bmbClockArea_bmbDfiDdr3/ddr3_dfi_phy_0/ddr3Phy/u_serdes_dq_in7. This can result in corrupted data. The workClockArea_ddr3AxisTxIf/bmbClockArea_bmbDfiDdr3/ddr3_dfi_phy_0/ddr3Phy/u_serdes_dq_in7/OCLK / workClockArea_ddr3AxisTxIf/bmbClockArea_bmbDfiDdr3/ddr3_dfi_phy_0/ddr3Phy/u_serdes_dq_in7/CLKDIV pins should be driven by the same source through the same buffer type or by a BUFIO / BUFR combination in order to have a proper phase relationship and the workClockArea_ddr3AxisTxIf/bmbClockArea_bmbDfiDdr3/ddr3_dfi_phy_0/ddr3Phy/u_serdes_dq_in7/CLK pin should be driven similarly to the workClockArea_ddr3AxisTxIf/bmbClockArea_bmbDfiDdr3/ddr3_dfi_phy_0/ddr3Phy/u_serdes_dq_in7/OCLK pin. Please refer to the Select I/O User Guide for supported clocking topologies of the chosen INTERFACE_TYPE mode.
Related violations: <none>

REQP-1580#15 Warning
Phase alignment  
Unsupported clocking topology used for ISERDESE2 workClockArea_ddr3AxisTxIf/bmbClockArea_bmbDfiDdr3/ddr3_dfi_phy_0/ddr3Phy/u_serdes_dq_in8. This can result in corrupted data. The workClockArea_ddr3AxisTxIf/bmbClockArea_bmbDfiDdr3/ddr3_dfi_phy_0/ddr3Phy/u_serdes_dq_in8/OCLK / workClockArea_ddr3AxisTxIf/bmbClockArea_bmbDfiDdr3/ddr3_dfi_phy_0/ddr3Phy/u_serdes_dq_in8/CLKDIV pins should be driven by the same source through the same buffer type or by a BUFIO / BUFR combination in order to have a proper phase relationship and the workClockArea_ddr3AxisTxIf/bmbClockArea_bmbDfiDdr3/ddr3_dfi_phy_0/ddr3Phy/u_serdes_dq_in8/CLK pin should be driven similarly to the workClockArea_ddr3AxisTxIf/bmbClockArea_bmbDfiDdr3/ddr3_dfi_phy_0/ddr3Phy/u_serdes_dq_in8/OCLK pin. Please refer to the Select I/O User Guide for supported clocking topologies of the chosen INTERFACE_TYPE mode.
Related violations: <none>

REQP-1580#16 Warning
Phase alignment  
Unsupported clocking topology used for ISERDESE2 workClockArea_ddr3AxisTxIf/bmbClockArea_bmbDfiDdr3/ddr3_dfi_phy_0/ddr3Phy/u_serdes_dq_in9. This can result in corrupted data. The workClockArea_ddr3AxisTxIf/bmbClockArea_bmbDfiDdr3/ddr3_dfi_phy_0/ddr3Phy/u_serdes_dq_in9/OCLK / workClockArea_ddr3AxisTxIf/bmbClockArea_bmbDfiDdr3/ddr3_dfi_phy_0/ddr3Phy/u_serdes_dq_in9/CLKDIV pins should be driven by the same source through the same buffer type or by a BUFIO / BUFR combination in order to have a proper phase relationship and the workClockArea_ddr3AxisTxIf/bmbClockArea_bmbDfiDdr3/ddr3_dfi_phy_0/ddr3Phy/u_serdes_dq_in9/CLK pin should be driven similarly to the workClockArea_ddr3AxisTxIf/bmbClockArea_bmbDfiDdr3/ddr3_dfi_phy_0/ddr3Phy/u_serdes_dq_in9/OCLK pin. Please refer to the Select I/O User Guide for supported clocking topologies of the chosen INTERFACE_TYPE mode.
Related violations: <none>

REQP-1839#1 Warning
RAMB36 async control check  
The RAMB36E1 workClockArea_ddr3AxisTxIf/axi4StreamToBmb_1/adapter_bmbCCDomain/io_input_cmd_queue/ram_reg_0 has an input control pin workClockArea_ddr3AxisTxIf/axi4StreamToBmb_1/adapter_bmbCCDomain/io_input_cmd_queue/ram_reg_0/ADDRARDADDR[10] (net: workClockArea_ddr3AxisTxIf/axi4StreamToBmb_1/adapter_bmbCCDomain/io_input_cmd_queue/popCC_popPtr[4]) which is driven by a register (workClockArea_ddr3AxisTxIf/axi4StreamToBmb_1/adapter_bmbCCDomain/io_input_cmd_queue/popCC_popPtr_reg[4]) that has an active asychronous set or reset. This may cause corruption of the memory contents and/or read values when the set/reset is asserted and is not analyzed by the default static timing analysis. It is suggested to eliminate the use of a set/reset to registers driving this RAMB pin or else use a synchronous reset in which the assertion of the reset is timed by default.
Related violations: <none>

REQP-1839#2 Warning
RAMB36 async control check  
The RAMB36E1 workClockArea_ddr3AxisTxIf/axi4StreamToBmb_1/adapter_bmbCCDomain/io_input_cmd_queue/ram_reg_0 has an input control pin workClockArea_ddr3AxisTxIf/axi4StreamToBmb_1/adapter_bmbCCDomain/io_input_cmd_queue/ram_reg_0/ADDRARDADDR[11] (net: workClockArea_ddr3AxisTxIf/axi4StreamToBmb_1/adapter_bmbCCDomain/io_input_cmd_queue/popCC_popPtr[5]) which is driven by a register (workClockArea_ddr3AxisTxIf/axi4StreamToBmb_1/adapter_bmbCCDomain/io_input_cmd_queue/popCC_popPtr_reg[5]) that has an active asychronous set or reset. This may cause corruption of the memory contents and/or read values when the set/reset is asserted and is not analyzed by the default static timing analysis. It is suggested to eliminate the use of a set/reset to registers driving this RAMB pin or else use a synchronous reset in which the assertion of the reset is timed by default.
Related violations: <none>

REQP-1839#3 Warning
RAMB36 async control check  
The RAMB36E1 workClockArea_ddr3AxisTxIf/axi4StreamToBmb_1/adapter_bmbCCDomain/io_input_cmd_queue/ram_reg_0 has an input control pin workClockArea_ddr3AxisTxIf/axi4StreamToBmb_1/adapter_bmbCCDomain/io_input_cmd_queue/ram_reg_0/ADDRARDADDR[12] (net: workClockArea_ddr3AxisTxIf/axi4StreamToBmb_1/adapter_bmbCCDomain/io_input_cmd_queue/popCC_popPtr[6]) which is driven by a register (workClockArea_ddr3AxisTxIf/axi4StreamToBmb_1/adapter_bmbCCDomain/io_input_cmd_queue/popCC_popPtr_reg[6]) that has an active asychronous set or reset. This may cause corruption of the memory contents and/or read values when the set/reset is asserted and is not analyzed by the default static timing analysis. It is suggested to eliminate the use of a set/reset to registers driving this RAMB pin or else use a synchronous reset in which the assertion of the reset is timed by default.
Related violations: <none>

REQP-1839#4 Warning
RAMB36 async control check  
The RAMB36E1 workClockArea_ddr3AxisTxIf/axi4StreamToBmb_1/adapter_bmbCCDomain/io_input_cmd_queue/ram_reg_0 has an input control pin workClockArea_ddr3AxisTxIf/axi4StreamToBmb_1/adapter_bmbCCDomain/io_input_cmd_queue/ram_reg_0/ADDRARDADDR[13] (net: workClockArea_ddr3AxisTxIf/axi4StreamToBmb_1/adapter_bmbCCDomain/io_input_cmd_queue/popCC_popPtr[7]) which is driven by a register (workClockArea_ddr3AxisTxIf/axi4StreamToBmb_1/adapter_bmbCCDomain/io_input_cmd_queue/popCC_popPtr_reg[7]) that has an active asychronous set or reset. This may cause corruption of the memory contents and/or read values when the set/reset is asserted and is not analyzed by the default static timing analysis. It is suggested to eliminate the use of a set/reset to registers driving this RAMB pin or else use a synchronous reset in which the assertion of the reset is timed by default.
Related violations: <none>

REQP-1839#5 Warning
RAMB36 async control check  
The RAMB36E1 workClockArea_ddr3AxisTxIf/axi4StreamToBmb_1/adapter_bmbCCDomain/io_input_cmd_queue/ram_reg_0 has an input control pin workClockArea_ddr3AxisTxIf/axi4StreamToBmb_1/adapter_bmbCCDomain/io_input_cmd_queue/ram_reg_0/ADDRARDADDR[14] (net: workClockArea_ddr3AxisTxIf/axi4StreamToBmb_1/adapter_bmbCCDomain/io_input_cmd_queue/popCC_popPtr[8]) which is driven by a register (workClockArea_ddr3AxisTxIf/axi4StreamToBmb_1/adapter_bmbCCDomain/io_input_cmd_queue/popCC_popPtr_reg[8]) that has an active asychronous set or reset. This may cause corruption of the memory contents and/or read values when the set/reset is asserted and is not analyzed by the default static timing analysis. It is suggested to eliminate the use of a set/reset to registers driving this RAMB pin or else use a synchronous reset in which the assertion of the reset is timed by default.
Related violations: <none>

REQP-1839#6 Warning
RAMB36 async control check  
The RAMB36E1 workClockArea_ddr3AxisTxIf/axi4StreamToBmb_1/adapter_bmbCCDomain/io_input_cmd_queue/ram_reg_0 has an input control pin workClockArea_ddr3AxisTxIf/axi4StreamToBmb_1/adapter_bmbCCDomain/io_input_cmd_queue/ram_reg_0/ADDRARDADDR[7] (net: workClockArea_ddr3AxisTxIf/axi4StreamToBmb_1/adapter_bmbCCDomain/io_input_cmd_queue/popCC_popPtr[1]) which is driven by a register (workClockArea_ddr3AxisTxIf/axi4StreamToBmb_1/adapter_bmbCCDomain/io_input_cmd_queue/popCC_popPtr_reg[1]) that has an active asychronous set or reset. This may cause corruption of the memory contents and/or read values when the set/reset is asserted and is not analyzed by the default static timing analysis. It is suggested to eliminate the use of a set/reset to registers driving this RAMB pin or else use a synchronous reset in which the assertion of the reset is timed by default.
Related violations: <none>

REQP-1839#7 Warning
RAMB36 async control check  
The RAMB36E1 workClockArea_ddr3AxisTxIf/axi4StreamToBmb_1/adapter_bmbCCDomain/io_input_cmd_queue/ram_reg_0 has an input control pin workClockArea_ddr3AxisTxIf/axi4StreamToBmb_1/adapter_bmbCCDomain/io_input_cmd_queue/ram_reg_0/ADDRARDADDR[8] (net: workClockArea_ddr3AxisTxIf/axi4StreamToBmb_1/adapter_bmbCCDomain/io_input_cmd_queue/popCC_popPtr[2]) which is driven by a register (workClockArea_ddr3AxisTxIf/axi4StreamToBmb_1/adapter_bmbCCDomain/io_input_cmd_queue/popCC_popPtr_reg[2]) that has an active asychronous set or reset. This may cause corruption of the memory contents and/or read values when the set/reset is asserted and is not analyzed by the default static timing analysis. It is suggested to eliminate the use of a set/reset to registers driving this RAMB pin or else use a synchronous reset in which the assertion of the reset is timed by default.
Related violations: <none>

REQP-1839#8 Warning
RAMB36 async control check  
The RAMB36E1 workClockArea_ddr3AxisTxIf/axi4StreamToBmb_1/adapter_bmbCCDomain/io_input_cmd_queue/ram_reg_0 has an input control pin workClockArea_ddr3AxisTxIf/axi4StreamToBmb_1/adapter_bmbCCDomain/io_input_cmd_queue/ram_reg_0/ADDRARDADDR[9] (net: workClockArea_ddr3AxisTxIf/axi4StreamToBmb_1/adapter_bmbCCDomain/io_input_cmd_queue/popCC_popPtr[3]) which is driven by a register (workClockArea_ddr3AxisTxIf/axi4StreamToBmb_1/adapter_bmbCCDomain/io_input_cmd_queue/popCC_popPtr_reg[3]) that has an active asychronous set or reset. This may cause corruption of the memory contents and/or read values when the set/reset is asserted and is not analyzed by the default static timing analysis. It is suggested to eliminate the use of a set/reset to registers driving this RAMB pin or else use a synchronous reset in which the assertion of the reset is timed by default.
Related violations: <none>

REQP-1839#9 Warning
RAMB36 async control check  
The RAMB36E1 workClockArea_ddr3AxisTxIf/axi4StreamToBmb_1/adapter_bmbCCDomain/io_output_rsp_queue/ram_reg_0 has an input control pin workClockArea_ddr3AxisTxIf/axi4StreamToBmb_1/adapter_bmbCCDomain/io_output_rsp_queue/ram_reg_0/ADDRARDADDR[10] (net: workClockArea_ddr3AxisTxIf/axi4StreamToBmb_1/adapter_bmbCCDomain/io_output_rsp_queue/pushCC_pushPtr_reg[5]) which is driven by a register (workClockArea_ddr3AxisTxIf/axi4StreamToBmb_1/adapter_bmbCCDomain/io_output_rsp_queue/pushCC_pushPtr_reg[5]) that has an active asychronous set or reset. This may cause corruption of the memory contents and/or read values when the set/reset is asserted and is not analyzed by the default static timing analysis. It is suggested to eliminate the use of a set/reset to registers driving this RAMB pin or else use a synchronous reset in which the assertion of the reset is timed by default.
Related violations: <none>

REQP-1839#10 Warning
RAMB36 async control check  
The RAMB36E1 workClockArea_ddr3AxisTxIf/axi4StreamToBmb_1/adapter_bmbCCDomain/io_output_rsp_queue/ram_reg_0 has an input control pin workClockArea_ddr3AxisTxIf/axi4StreamToBmb_1/adapter_bmbCCDomain/io_output_rsp_queue/ram_reg_0/ADDRARDADDR[11] (net: workClockArea_ddr3AxisTxIf/axi4StreamToBmb_1/adapter_bmbCCDomain/io_output_rsp_queue/pushCC_pushPtr_reg[6]) which is driven by a register (workClockArea_ddr3AxisTxIf/axi4StreamToBmb_1/adapter_bmbCCDomain/io_output_rsp_queue/pushCC_pushPtr_reg[6]) that has an active asychronous set or reset. This may cause corruption of the memory contents and/or read values when the set/reset is asserted and is not analyzed by the default static timing analysis. It is suggested to eliminate the use of a set/reset to registers driving this RAMB pin or else use a synchronous reset in which the assertion of the reset is timed by default.
Related violations: <none>

REQP-1839#11 Warning
RAMB36 async control check  
The RAMB36E1 workClockArea_ddr3AxisTxIf/axi4StreamToBmb_1/adapter_bmbCCDomain/io_output_rsp_queue/ram_reg_0 has an input control pin workClockArea_ddr3AxisTxIf/axi4StreamToBmb_1/adapter_bmbCCDomain/io_output_rsp_queue/ram_reg_0/ADDRARDADDR[12] (net: workClockArea_ddr3AxisTxIf/axi4StreamToBmb_1/adapter_bmbCCDomain/io_output_rsp_queue/pushCC_pushPtr_reg[7]) which is driven by a register (workClockArea_ddr3AxisTxIf/axi4StreamToBmb_1/adapter_bmbCCDomain/io_output_rsp_queue/pushCC_pushPtr_reg[7]) that has an active asychronous set or reset. This may cause corruption of the memory contents and/or read values when the set/reset is asserted and is not analyzed by the default static timing analysis. It is suggested to eliminate the use of a set/reset to registers driving this RAMB pin or else use a synchronous reset in which the assertion of the reset is timed by default.
Related violations: <none>

REQP-1839#12 Warning
RAMB36 async control check  
The RAMB36E1 workClockArea_ddr3AxisTxIf/axi4StreamToBmb_1/adapter_bmbCCDomain/io_output_rsp_queue/ram_reg_0 has an input control pin workClockArea_ddr3AxisTxIf/axi4StreamToBmb_1/adapter_bmbCCDomain/io_output_rsp_queue/ram_reg_0/ADDRARDADDR[13] (net: workClockArea_ddr3AxisTxIf/axi4StreamToBmb_1/adapter_bmbCCDomain/io_output_rsp_queue/pushCC_pushPtr_reg[8]) which is driven by a register (workClockArea_ddr3AxisTxIf/axi4StreamToBmb_1/adapter_bmbCCDomain/io_output_rsp_queue/pushCC_pushPtr_reg[8]) that has an active asychronous set or reset. This may cause corruption of the memory contents and/or read values when the set/reset is asserted and is not analyzed by the default static timing analysis. It is suggested to eliminate the use of a set/reset to registers driving this RAMB pin or else use a synchronous reset in which the assertion of the reset is timed by default.
Related violations: <none>

REQP-1839#13 Warning
RAMB36 async control check  
The RAMB36E1 workClockArea_ddr3AxisTxIf/axi4StreamToBmb_1/adapter_bmbCCDomain/io_output_rsp_queue/ram_reg_0 has an input control pin workClockArea_ddr3AxisTxIf/axi4StreamToBmb_1/adapter_bmbCCDomain/io_output_rsp_queue/ram_reg_0/ADDRARDADDR[14] (net: workClockArea_ddr3AxisTxIf/axi4StreamToBmb_1/adapter_bmbCCDomain/io_output_rsp_queue/pushCC_pushPtr_reg[9]) which is driven by a register (workClockArea_ddr3AxisTxIf/axi4StreamToBmb_1/adapter_bmbCCDomain/io_output_rsp_queue/pushCC_pushPtr_reg[9]) that has an active asychronous set or reset. This may cause corruption of the memory contents and/or read values when the set/reset is asserted and is not analyzed by the default static timing analysis. It is suggested to eliminate the use of a set/reset to registers driving this RAMB pin or else use a synchronous reset in which the assertion of the reset is timed by default.
Related violations: <none>

REQP-1839#14 Warning
RAMB36 async control check  
The RAMB36E1 workClockArea_ddr3AxisTxIf/axi4StreamToBmb_1/adapter_bmbCCDomain/io_output_rsp_queue/ram_reg_0 has an input control pin workClockArea_ddr3AxisTxIf/axi4StreamToBmb_1/adapter_bmbCCDomain/io_output_rsp_queue/ram_reg_0/ADDRARDADDR[5] (net: workClockArea_ddr3AxisTxIf/axi4StreamToBmb_1/adapter_bmbCCDomain/io_output_rsp_queue/pushCC_pushPtr_reg[0]) which is driven by a register (workClockArea_ddr3AxisTxIf/axi4StreamToBmb_1/adapter_bmbCCDomain/io_output_rsp_queue/pushCC_pushPtr_reg[0]) that has an active asychronous set or reset. This may cause corruption of the memory contents and/or read values when the set/reset is asserted and is not analyzed by the default static timing analysis. It is suggested to eliminate the use of a set/reset to registers driving this RAMB pin or else use a synchronous reset in which the assertion of the reset is timed by default.
Related violations: <none>

REQP-1839#15 Warning
RAMB36 async control check  
The RAMB36E1 workClockArea_ddr3AxisTxIf/axi4StreamToBmb_1/adapter_bmbCCDomain/io_output_rsp_queue/ram_reg_0 has an input control pin workClockArea_ddr3AxisTxIf/axi4StreamToBmb_1/adapter_bmbCCDomain/io_output_rsp_queue/ram_reg_0/ADDRARDADDR[6] (net: workClockArea_ddr3AxisTxIf/axi4StreamToBmb_1/adapter_bmbCCDomain/io_output_rsp_queue/pushCC_pushPtr_reg[1]) which is driven by a register (workClockArea_ddr3AxisTxIf/axi4StreamToBmb_1/adapter_bmbCCDomain/io_output_rsp_queue/pushCC_pushPtr_reg[1]) that has an active asychronous set or reset. This may cause corruption of the memory contents and/or read values when the set/reset is asserted and is not analyzed by the default static timing analysis. It is suggested to eliminate the use of a set/reset to registers driving this RAMB pin or else use a synchronous reset in which the assertion of the reset is timed by default.
Related violations: <none>

REQP-1839#16 Warning
RAMB36 async control check  
The RAMB36E1 workClockArea_ddr3AxisTxIf/axi4StreamToBmb_1/adapter_bmbCCDomain/io_output_rsp_queue/ram_reg_0 has an input control pin workClockArea_ddr3AxisTxIf/axi4StreamToBmb_1/adapter_bmbCCDomain/io_output_rsp_queue/ram_reg_0/ADDRARDADDR[7] (net: workClockArea_ddr3AxisTxIf/axi4StreamToBmb_1/adapter_bmbCCDomain/io_output_rsp_queue/pushCC_pushPtr_reg[2]) which is driven by a register (workClockArea_ddr3AxisTxIf/axi4StreamToBmb_1/adapter_bmbCCDomain/io_output_rsp_queue/pushCC_pushPtr_reg[2]) that has an active asychronous set or reset. This may cause corruption of the memory contents and/or read values when the set/reset is asserted and is not analyzed by the default static timing analysis. It is suggested to eliminate the use of a set/reset to registers driving this RAMB pin or else use a synchronous reset in which the assertion of the reset is timed by default.
Related violations: <none>

REQP-1839#17 Warning
RAMB36 async control check  
The RAMB36E1 workClockArea_ddr3AxisTxIf/axi4StreamToBmb_1/adapter_bmbCCDomain/io_output_rsp_queue/ram_reg_0 has an input control pin workClockArea_ddr3AxisTxIf/axi4StreamToBmb_1/adapter_bmbCCDomain/io_output_rsp_queue/ram_reg_0/ADDRARDADDR[8] (net: workClockArea_ddr3AxisTxIf/axi4StreamToBmb_1/adapter_bmbCCDomain/io_output_rsp_queue/pushCC_pushPtr_reg[3]) which is driven by a register (workClockArea_ddr3AxisTxIf/axi4StreamToBmb_1/adapter_bmbCCDomain/io_output_rsp_queue/pushCC_pushPtr_reg[3]) that has an active asychronous set or reset. This may cause corruption of the memory contents and/or read values when the set/reset is asserted and is not analyzed by the default static timing analysis. It is suggested to eliminate the use of a set/reset to registers driving this RAMB pin or else use a synchronous reset in which the assertion of the reset is timed by default.
Related violations: <none>

REQP-1839#18 Warning
RAMB36 async control check  
The RAMB36E1 workClockArea_ddr3AxisTxIf/axi4StreamToBmb_1/adapter_bmbCCDomain/io_output_rsp_queue/ram_reg_0 has an input control pin workClockArea_ddr3AxisTxIf/axi4StreamToBmb_1/adapter_bmbCCDomain/io_output_rsp_queue/ram_reg_0/ADDRARDADDR[9] (net: workClockArea_ddr3AxisTxIf/axi4StreamToBmb_1/adapter_bmbCCDomain/io_output_rsp_queue/pushCC_pushPtr_reg[4]) which is driven by a register (workClockArea_ddr3AxisTxIf/axi4StreamToBmb_1/adapter_bmbCCDomain/io_output_rsp_queue/pushCC_pushPtr_reg[4]) that has an active asychronous set or reset. This may cause corruption of the memory contents and/or read values when the set/reset is asserted and is not analyzed by the default static timing analysis. It is suggested to eliminate the use of a set/reset to registers driving this RAMB pin or else use a synchronous reset in which the assertion of the reset is timed by default.
Related violations: <none>

REQP-1839#19 Warning
RAMB36 async control check  
The RAMB36E1 workClockArea_ddr3AxisTxIf/axi4StreamToBmb_1/adapter_bmbCCDomain/io_output_rsp_queue/ram_reg_0 has an input control pin workClockArea_ddr3AxisTxIf/axi4StreamToBmb_1/adapter_bmbCCDomain/io_output_rsp_queue/ram_reg_0/ADDRBWRADDR[13] (net: workClockArea_ddr3AxisTxIf/axi4StreamToBmb_1/adapter_bmbCCDomain/io_output_rsp_queue/popCC_popPtr[8]) which is driven by a register (workClockArea_ddr3AxisTxIf/axi4StreamToBmb_1/adapter_bmbCCDomain/io_output_rsp_queue/popCC_popPtr_reg[8]) that has an active asychronous set or reset. This may cause corruption of the memory contents and/or read values when the set/reset is asserted and is not analyzed by the default static timing analysis. It is suggested to eliminate the use of a set/reset to registers driving this RAMB pin or else use a synchronous reset in which the assertion of the reset is timed by default.
Related violations: <none>

REQP-1839#20 Warning
RAMB36 async control check  
The RAMB36E1 workClockArea_ddr3AxisTxIf/axi4StreamToBmb_1/adapter_bmbCCDomain/io_output_rsp_queue/ram_reg_0 has an input control pin workClockArea_ddr3AxisTxIf/axi4StreamToBmb_1/adapter_bmbCCDomain/io_output_rsp_queue/ram_reg_0/ADDRBWRADDR[14] (net: workClockArea_ddr3AxisTxIf/axi4StreamToBmb_1/adapter_bmbCCDomain/io_output_rsp_queue/popCC_popPtr[9]) which is driven by a register (workClockArea_ddr3AxisTxIf/axi4StreamToBmb_1/adapter_bmbCCDomain/io_output_rsp_queue/popCC_popPtr_reg[9]) that has an active asychronous set or reset. This may cause corruption of the memory contents and/or read values when the set/reset is asserted and is not analyzed by the default static timing analysis. It is suggested to eliminate the use of a set/reset to registers driving this RAMB pin or else use a synchronous reset in which the assertion of the reset is timed by default.
Related violations: <none>

REQP-1840#1 Warning
RAMB18 async control check  
The RAMB18E1 workClockArea_ddr3AxisTxIf/axi4StreamToBmb_1/adapter_bmbCCDomain/io_input_cmd_queue/ram_reg_1 has an input control pin workClockArea_ddr3AxisTxIf/axi4StreamToBmb_1/adapter_bmbCCDomain/io_input_cmd_queue/ram_reg_1/ADDRARDADDR[10] (net: workClockArea_ddr3AxisTxIf/axi4StreamToBmb_1/adapter_bmbCCDomain/io_input_cmd_queue/popCC_popPtr[5]) which is driven by a register (workClockArea_ddr3AxisTxIf/axi4StreamToBmb_1/adapter_bmbCCDomain/io_input_cmd_queue/popCC_popPtr_reg[5]) that has an active asychronous set or reset. This may cause corruption of the memory contents and/or read values when the set/reset is asserted and is not analyzed by the default static timing analysis. It is suggested to eliminate the use of a set/reset to registers driving this RAMB pin or else use a synchronous reset in which the assertion of the reset is timed by default.
Related violations: <none>

REQP-1840#2 Warning
RAMB18 async control check  
The RAMB18E1 workClockArea_ddr3AxisTxIf/axi4StreamToBmb_1/adapter_bmbCCDomain/io_input_cmd_queue/ram_reg_1 has an input control pin workClockArea_ddr3AxisTxIf/axi4StreamToBmb_1/adapter_bmbCCDomain/io_input_cmd_queue/ram_reg_1/ADDRARDADDR[11] (net: workClockArea_ddr3AxisTxIf/axi4StreamToBmb_1/adapter_bmbCCDomain/io_input_cmd_queue/popCC_popPtr[6]) which is driven by a register (workClockArea_ddr3AxisTxIf/axi4StreamToBmb_1/adapter_bmbCCDomain/io_input_cmd_queue/popCC_popPtr_reg[6]) that has an active asychronous set or reset. This may cause corruption of the memory contents and/or read values when the set/reset is asserted and is not analyzed by the default static timing analysis. It is suggested to eliminate the use of a set/reset to registers driving this RAMB pin or else use a synchronous reset in which the assertion of the reset is timed by default.
Related violations: <none>

REQP-1840#3 Warning
RAMB18 async control check  
The RAMB18E1 workClockArea_ddr3AxisTxIf/axi4StreamToBmb_1/adapter_bmbCCDomain/io_input_cmd_queue/ram_reg_1 has an input control pin workClockArea_ddr3AxisTxIf/axi4StreamToBmb_1/adapter_bmbCCDomain/io_input_cmd_queue/ram_reg_1/ADDRARDADDR[12] (net: workClockArea_ddr3AxisTxIf/axi4StreamToBmb_1/adapter_bmbCCDomain/io_input_cmd_queue/popCC_popPtr[7]) which is driven by a register (workClockArea_ddr3AxisTxIf/axi4StreamToBmb_1/adapter_bmbCCDomain/io_input_cmd_queue/popCC_popPtr_reg[7]) that has an active asychronous set or reset. This may cause corruption of the memory contents and/or read values when the set/reset is asserted and is not analyzed by the default static timing analysis. It is suggested to eliminate the use of a set/reset to registers driving this RAMB pin or else use a synchronous reset in which the assertion of the reset is timed by default.
Related violations: <none>

REQP-1840#4 Warning
RAMB18 async control check  
The RAMB18E1 workClockArea_ddr3AxisTxIf/axi4StreamToBmb_1/adapter_bmbCCDomain/io_input_cmd_queue/ram_reg_1 has an input control pin workClockArea_ddr3AxisTxIf/axi4StreamToBmb_1/adapter_bmbCCDomain/io_input_cmd_queue/ram_reg_1/ADDRARDADDR[13] (net: workClockArea_ddr3AxisTxIf/axi4StreamToBmb_1/adapter_bmbCCDomain/io_input_cmd_queue/popCC_popPtr[8]) which is driven by a register (workClockArea_ddr3AxisTxIf/axi4StreamToBmb_1/adapter_bmbCCDomain/io_input_cmd_queue/popCC_popPtr_reg[8]) that has an active asychronous set or reset. This may cause corruption of the memory contents and/or read values when the set/reset is asserted and is not analyzed by the default static timing analysis. It is suggested to eliminate the use of a set/reset to registers driving this RAMB pin or else use a synchronous reset in which the assertion of the reset is timed by default.
Related violations: <none>

REQP-1840#5 Warning
RAMB18 async control check  
The RAMB18E1 workClockArea_ddr3AxisTxIf/axi4StreamToBmb_1/adapter_bmbCCDomain/io_input_cmd_queue/ram_reg_1 has an input control pin workClockArea_ddr3AxisTxIf/axi4StreamToBmb_1/adapter_bmbCCDomain/io_input_cmd_queue/ram_reg_1/ADDRARDADDR[5] (net: workClockArea_ddr3AxisTxIf/axi4StreamToBmb_1/adapter_bmbCCDomain/io_input_cmd_queue/popCC_popPtr[0]) which is driven by a register (workClockArea_ddr3AxisTxIf/axi4StreamToBmb_1/adapter_bmbCCDomain/io_input_cmd_queue/popCC_popPtr_reg[0]) that has an active asychronous set or reset. This may cause corruption of the memory contents and/or read values when the set/reset is asserted and is not analyzed by the default static timing analysis. It is suggested to eliminate the use of a set/reset to registers driving this RAMB pin or else use a synchronous reset in which the assertion of the reset is timed by default.
Related violations: <none>

REQP-1840#6 Warning
RAMB18 async control check  
The RAMB18E1 workClockArea_ddr3AxisTxIf/axi4StreamToBmb_1/adapter_bmbCCDomain/io_input_cmd_queue/ram_reg_1 has an input control pin workClockArea_ddr3AxisTxIf/axi4StreamToBmb_1/adapter_bmbCCDomain/io_input_cmd_queue/ram_reg_1/ADDRARDADDR[6] (net: workClockArea_ddr3AxisTxIf/axi4StreamToBmb_1/adapter_bmbCCDomain/io_input_cmd_queue/popCC_popPtr[1]) which is driven by a register (workClockArea_ddr3AxisTxIf/axi4StreamToBmb_1/adapter_bmbCCDomain/io_input_cmd_queue/popCC_popPtr_reg[1]) that has an active asychronous set or reset. This may cause corruption of the memory contents and/or read values when the set/reset is asserted and is not analyzed by the default static timing analysis. It is suggested to eliminate the use of a set/reset to registers driving this RAMB pin or else use a synchronous reset in which the assertion of the reset is timed by default.
Related violations: <none>

REQP-1840#7 Warning
RAMB18 async control check  
The RAMB18E1 workClockArea_ddr3AxisTxIf/axi4StreamToBmb_1/adapter_bmbCCDomain/io_input_cmd_queue/ram_reg_1 has an input control pin workClockArea_ddr3AxisTxIf/axi4StreamToBmb_1/adapter_bmbCCDomain/io_input_cmd_queue/ram_reg_1/ADDRARDADDR[7] (net: workClockArea_ddr3AxisTxIf/axi4StreamToBmb_1/adapter_bmbCCDomain/io_input_cmd_queue/popCC_popPtr[2]) which is driven by a register (workClockArea_ddr3AxisTxIf/axi4StreamToBmb_1/adapter_bmbCCDomain/io_input_cmd_queue/popCC_popPtr_reg[2]) that has an active asychronous set or reset. This may cause corruption of the memory contents and/or read values when the set/reset is asserted and is not analyzed by the default static timing analysis. It is suggested to eliminate the use of a set/reset to registers driving this RAMB pin or else use a synchronous reset in which the assertion of the reset is timed by default.
Related violations: <none>

REQP-1840#8 Warning
RAMB18 async control check  
The RAMB18E1 workClockArea_ddr3AxisTxIf/axi4StreamToBmb_1/adapter_bmbCCDomain/io_input_cmd_queue/ram_reg_1 has an input control pin workClockArea_ddr3AxisTxIf/axi4StreamToBmb_1/adapter_bmbCCDomain/io_input_cmd_queue/ram_reg_1/ADDRARDADDR[8] (net: workClockArea_ddr3AxisTxIf/axi4StreamToBmb_1/adapter_bmbCCDomain/io_input_cmd_queue/popCC_popPtr[3]) which is driven by a register (workClockArea_ddr3AxisTxIf/axi4StreamToBmb_1/adapter_bmbCCDomain/io_input_cmd_queue/popCC_popPtr_reg[3]) that has an active asychronous set or reset. This may cause corruption of the memory contents and/or read values when the set/reset is asserted and is not analyzed by the default static timing analysis. It is suggested to eliminate the use of a set/reset to registers driving this RAMB pin or else use a synchronous reset in which the assertion of the reset is timed by default.
Related violations: <none>

REQP-1840#9 Warning
RAMB18 async control check  
The RAMB18E1 workClockArea_ddr3AxisTxIf/axi4StreamToBmb_1/adapter_bmbCCDomain/io_input_cmd_queue/ram_reg_1 has an input control pin workClockArea_ddr3AxisTxIf/axi4StreamToBmb_1/adapter_bmbCCDomain/io_input_cmd_queue/ram_reg_1/ADDRARDADDR[9] (net: workClockArea_ddr3AxisTxIf/axi4StreamToBmb_1/adapter_bmbCCDomain/io_input_cmd_queue/popCC_popPtr[4]) which is driven by a register (workClockArea_ddr3AxisTxIf/axi4StreamToBmb_1/adapter_bmbCCDomain/io_input_cmd_queue/popCC_popPtr_reg[4]) that has an active asychronous set or reset. This may cause corruption of the memory contents and/or read values when the set/reset is asserted and is not analyzed by the default static timing analysis. It is suggested to eliminate the use of a set/reset to registers driving this RAMB pin or else use a synchronous reset in which the assertion of the reset is timed by default.
Related violations: <none>

REQP-1840#10 Warning
RAMB18 async control check  
The RAMB18E1 workClockArea_ddr3AxisTxIf/axi4StreamToBmb_1/adapter_bmbCCDomain/io_input_cmd_queue/ram_reg_1 has an input control pin workClockArea_ddr3AxisTxIf/axi4StreamToBmb_1/adapter_bmbCCDomain/io_input_cmd_queue/ram_reg_1/ADDRBWRADDR[10] (net: workClockArea_ddr3AxisTxIf/axi4StreamToBmb_1/adapter_bmbCCDomain/io_input_cmd_queue/pushCC_pushPtr_reg[5]) which is driven by a register (workClockArea_ddr3AxisTxIf/axi4StreamToBmb_1/adapter_bmbCCDomain/io_input_cmd_queue/pushCC_pushPtr_reg[5]) that has an active asychronous set or reset. This may cause corruption of the memory contents and/or read values when the set/reset is asserted and is not analyzed by the default static timing analysis. It is suggested to eliminate the use of a set/reset to registers driving this RAMB pin or else use a synchronous reset in which the assertion of the reset is timed by default.
Related violations: <none>

REQP-1840#11 Warning
RAMB18 async control check  
The RAMB18E1 workClockArea_ddr3AxisTxIf/axi4StreamToBmb_1/adapter_bmbCCDomain/io_input_cmd_queue/ram_reg_1 has an input control pin workClockArea_ddr3AxisTxIf/axi4StreamToBmb_1/adapter_bmbCCDomain/io_input_cmd_queue/ram_reg_1/ADDRBWRADDR[11] (net: workClockArea_ddr3AxisTxIf/axi4StreamToBmb_1/adapter_bmbCCDomain/io_input_cmd_queue/pushCC_pushPtr_reg[6]) which is driven by a register (workClockArea_ddr3AxisTxIf/axi4StreamToBmb_1/adapter_bmbCCDomain/io_input_cmd_queue/pushCC_pushPtr_reg[6]) that has an active asychronous set or reset. This may cause corruption of the memory contents and/or read values when the set/reset is asserted and is not analyzed by the default static timing analysis. It is suggested to eliminate the use of a set/reset to registers driving this RAMB pin or else use a synchronous reset in which the assertion of the reset is timed by default.
Related violations: <none>

REQP-1840#12 Warning
RAMB18 async control check  
The RAMB18E1 workClockArea_ddr3AxisTxIf/axi4StreamToBmb_1/adapter_bmbCCDomain/io_input_cmd_queue/ram_reg_1 has an input control pin workClockArea_ddr3AxisTxIf/axi4StreamToBmb_1/adapter_bmbCCDomain/io_input_cmd_queue/ram_reg_1/ADDRBWRADDR[12] (net: workClockArea_ddr3AxisTxIf/axi4StreamToBmb_1/adapter_bmbCCDomain/io_input_cmd_queue/pushCC_pushPtr_reg[7]) which is driven by a register (workClockArea_ddr3AxisTxIf/axi4StreamToBmb_1/adapter_bmbCCDomain/io_input_cmd_queue/pushCC_pushPtr_reg[7]) that has an active asychronous set or reset. This may cause corruption of the memory contents and/or read values when the set/reset is asserted and is not analyzed by the default static timing analysis. It is suggested to eliminate the use of a set/reset to registers driving this RAMB pin or else use a synchronous reset in which the assertion of the reset is timed by default.
Related violations: <none>

REQP-1840#13 Warning
RAMB18 async control check  
The RAMB18E1 workClockArea_ddr3AxisTxIf/axi4StreamToBmb_1/adapter_bmbCCDomain/io_input_cmd_queue/ram_reg_1 has an input control pin workClockArea_ddr3AxisTxIf/axi4StreamToBmb_1/adapter_bmbCCDomain/io_input_cmd_queue/ram_reg_1/ADDRBWRADDR[13] (net: workClockArea_ddr3AxisTxIf/axi4StreamToBmb_1/adapter_bmbCCDomain/io_input_cmd_queue/pushCC_pushPtr_reg[8]) which is driven by a register (workClockArea_ddr3AxisTxIf/axi4StreamToBmb_1/adapter_bmbCCDomain/io_input_cmd_queue/pushCC_pushPtr_reg[8]) that has an active asychronous set or reset. This may cause corruption of the memory contents and/or read values when the set/reset is asserted and is not analyzed by the default static timing analysis. It is suggested to eliminate the use of a set/reset to registers driving this RAMB pin or else use a synchronous reset in which the assertion of the reset is timed by default.
Related violations: <none>

REQP-1840#14 Warning
RAMB18 async control check  
The RAMB18E1 workClockArea_ddr3AxisTxIf/axi4StreamToBmb_1/adapter_bmbCCDomain/io_input_cmd_queue/ram_reg_1 has an input control pin workClockArea_ddr3AxisTxIf/axi4StreamToBmb_1/adapter_bmbCCDomain/io_input_cmd_queue/ram_reg_1/ADDRBWRADDR[5] (net: workClockArea_ddr3AxisTxIf/axi4StreamToBmb_1/adapter_bmbCCDomain/io_input_cmd_queue/pushCC_pushPtr_reg[0]) which is driven by a register (workClockArea_ddr3AxisTxIf/axi4StreamToBmb_1/adapter_bmbCCDomain/io_input_cmd_queue/pushCC_pushPtr_reg[0]) that has an active asychronous set or reset. This may cause corruption of the memory contents and/or read values when the set/reset is asserted and is not analyzed by the default static timing analysis. It is suggested to eliminate the use of a set/reset to registers driving this RAMB pin or else use a synchronous reset in which the assertion of the reset is timed by default.
Related violations: <none>

REQP-1840#15 Warning
RAMB18 async control check  
The RAMB18E1 workClockArea_ddr3AxisTxIf/axi4StreamToBmb_1/adapter_bmbCCDomain/io_input_cmd_queue/ram_reg_1 has an input control pin workClockArea_ddr3AxisTxIf/axi4StreamToBmb_1/adapter_bmbCCDomain/io_input_cmd_queue/ram_reg_1/ADDRBWRADDR[6] (net: workClockArea_ddr3AxisTxIf/axi4StreamToBmb_1/adapter_bmbCCDomain/io_input_cmd_queue/pushCC_pushPtr_reg[1]) which is driven by a register (workClockArea_ddr3AxisTxIf/axi4StreamToBmb_1/adapter_bmbCCDomain/io_input_cmd_queue/pushCC_pushPtr_reg[1]) that has an active asychronous set or reset. This may cause corruption of the memory contents and/or read values when the set/reset is asserted and is not analyzed by the default static timing analysis. It is suggested to eliminate the use of a set/reset to registers driving this RAMB pin or else use a synchronous reset in which the assertion of the reset is timed by default.
Related violations: <none>

REQP-1840#16 Warning
RAMB18 async control check  
The RAMB18E1 workClockArea_ddr3AxisTxIf/axi4StreamToBmb_1/adapter_bmbCCDomain/io_input_cmd_queue/ram_reg_1 has an input control pin workClockArea_ddr3AxisTxIf/axi4StreamToBmb_1/adapter_bmbCCDomain/io_input_cmd_queue/ram_reg_1/ADDRBWRADDR[7] (net: workClockArea_ddr3AxisTxIf/axi4StreamToBmb_1/adapter_bmbCCDomain/io_input_cmd_queue/pushCC_pushPtr_reg[2]) which is driven by a register (workClockArea_ddr3AxisTxIf/axi4StreamToBmb_1/adapter_bmbCCDomain/io_input_cmd_queue/pushCC_pushPtr_reg[2]) that has an active asychronous set or reset. This may cause corruption of the memory contents and/or read values when the set/reset is asserted and is not analyzed by the default static timing analysis. It is suggested to eliminate the use of a set/reset to registers driving this RAMB pin or else use a synchronous reset in which the assertion of the reset is timed by default.
Related violations: <none>

REQP-1840#17 Warning
RAMB18 async control check  
The RAMB18E1 workClockArea_ddr3AxisTxIf/axi4StreamToBmb_1/adapter_bmbCCDomain/io_input_cmd_queue/ram_reg_1 has an input control pin workClockArea_ddr3AxisTxIf/axi4StreamToBmb_1/adapter_bmbCCDomain/io_input_cmd_queue/ram_reg_1/ADDRBWRADDR[8] (net: workClockArea_ddr3AxisTxIf/axi4StreamToBmb_1/adapter_bmbCCDomain/io_input_cmd_queue/pushCC_pushPtr_reg[3]) which is driven by a register (workClockArea_ddr3AxisTxIf/axi4StreamToBmb_1/adapter_bmbCCDomain/io_input_cmd_queue/pushCC_pushPtr_reg[3]) that has an active asychronous set or reset. This may cause corruption of the memory contents and/or read values when the set/reset is asserted and is not analyzed by the default static timing analysis. It is suggested to eliminate the use of a set/reset to registers driving this RAMB pin or else use a synchronous reset in which the assertion of the reset is timed by default.
Related violations: <none>

REQP-1840#18 Warning
RAMB18 async control check  
The RAMB18E1 workClockArea_ddr3AxisTxIf/axi4StreamToBmb_1/adapter_bmbCCDomain/io_input_cmd_queue/ram_reg_1 has an input control pin workClockArea_ddr3AxisTxIf/axi4StreamToBmb_1/adapter_bmbCCDomain/io_input_cmd_queue/ram_reg_1/ADDRBWRADDR[9] (net: workClockArea_ddr3AxisTxIf/axi4StreamToBmb_1/adapter_bmbCCDomain/io_input_cmd_queue/pushCC_pushPtr_reg[4]) which is driven by a register (workClockArea_ddr3AxisTxIf/axi4StreamToBmb_1/adapter_bmbCCDomain/io_input_cmd_queue/pushCC_pushPtr_reg[4]) that has an active asychronous set or reset. This may cause corruption of the memory contents and/or read values when the set/reset is asserted and is not analyzed by the default static timing analysis. It is suggested to eliminate the use of a set/reset to registers driving this RAMB pin or else use a synchronous reset in which the assertion of the reset is timed by default.
Related violations: <none>

REQP-1840#19 Warning
RAMB18 async control check  
The RAMB18E1 workClockArea_ddr3AxisTxIf/axi4StreamToBmb_1/adapter_bmbCCDomain/io_input_cmd_queue/ram_reg_1 has an input control pin workClockArea_ddr3AxisTxIf/axi4StreamToBmb_1/adapter_bmbCCDomain/io_input_cmd_queue/ram_reg_1/ENARDEN (net: workClockArea_ddr3AxisTxIf/axi4StreamToBmb_1/adapter_bmbCCDomain/io_input_cmd_queue/popCC_readPort_cmd_valid) which is driven by a register (workClockArea_ddr3AxisTxIf/axi4StreamToBmb_1/adapter_bmbCCDomain/io_input_cmd_queue/pushToPopGray_buffercc/buffers_1_reg[5]) that has an active asychronous set or reset. This may cause corruption of the memory contents and/or read values when the set/reset is asserted and is not analyzed by the default static timing analysis. It is suggested to eliminate the use of a set/reset to registers driving this RAMB pin or else use a synchronous reset in which the assertion of the reset is timed by default.
Related violations: <none>

REQP-1840#20 Warning
RAMB18 async control check  
The RAMB18E1 workClockArea_ddr3AxisTxIf/axi4StreamToBmb_1/adapter_bmbCCDomain/io_input_cmd_queue/ram_reg_1 has an input control pin workClockArea_ddr3AxisTxIf/axi4StreamToBmb_1/adapter_bmbCCDomain/io_input_cmd_queue/ram_reg_1/ENARDEN (net: workClockArea_ddr3AxisTxIf/axi4StreamToBmb_1/adapter_bmbCCDomain/io_input_cmd_queue/popCC_readPort_cmd_valid) which is driven by a register (workClockArea_ddr3AxisTxIf/axi4StreamToBmb_1/adapter_bmbCCDomain/io_input_cmd_queue/pushToPopGray_buffercc/buffers_1_reg[8]) that has an active asychronous set or reset. This may cause corruption of the memory contents and/or read values when the set/reset is asserted and is not analyzed by the default static timing analysis. It is suggested to eliminate the use of a set/reset to registers driving this RAMB pin or else use a synchronous reset in which the assertion of the reset is timed by default.
Related violations: <none>

REQP-165#1 Advisory
writefirst  
Synchronous clocking is detected for BRAM (workClockArea_ofdmTx/pilot_0/inst/u_pilot_ram/U0/inst_blk_mem_gen/gnbram.gnativebmg.native_blk_mem_gen/valid.cstr/ramloop[0].ram.r/prim_noinit.ram/DEVICE_7SERIES.NO_BMM_INFO.SDP.WIDE_PRIM18.ram) in SDP mode with WRITE_FIRST write-mode. This is the preferred mode for best power characteristics, however it may exhibit address collisions if the same address appears on both read and write ports resulting in unknown or corrupted read data. It is suggested to confirm via simulation that an address collision never occurs and if so it is suggested to try and avoid this situation. If address collisions cannot be avoided, the write-mode may be set to READ_FIRST which guarantees that the read data is the prior contents of the memory at the cost of additional power in the design. See the FPGA Memory Resources User Guide for additional information.
Related violations: <none>


