
*** Running vivado
    with args -log ofdm_tx_symbol_train_0_0.vds -m64 -product Vivado -mode batch -messageDb vivado.pb -notrace -source ofdm_tx_symbol_train_0_0.tcl


ECHO 处于关闭状态。
ECHO 处于关闭状态。

****** Vivado v2023.1 (64-bit)
  **** SW Build 3865809 on Sun May  7 15:05:29 MDT 2023
  **** IP Build 3864474 on Sun May  7 20:36:21 MDT 2023
  **** SharedData Build 3865790 on Sun May 07 13:33:03 MDT 2023
    ** Copyright 1986-2022 Xilinx, Inc. All Rights Reserved.
    ** Copyright 2022-2023 Advanced Micro Devices, Inc. All Rights Reserved.

source ofdm_tx_symbol_train_0_0.tcl -notrace
create_project: Time (s): cpu = 00:00:10 ; elapsed = 00:00:13 . Memory (MB): peak = 464.781 ; gain = 160.457
INFO: [IP_Flow 19-234] Refreshing IP repositories
INFO: [IP_Flow 19-1704] No user IP repositories specified
INFO: [IP_Flow 19-2313] Loaded Vivado IP repository 'F:/AppData/Xilinx/Vivado/2023.1/data/ip'.
WARNING: [IP_Flow 19-4995] The host OS only allows 260 characters in a normal path. The IP cache path is more than 80 characters. If you experience issues with IP caching, please consider changing the IP cache to a location with a shorter path. Alternately consider using the OS subst command to map part of the path to a drive letter. 
Current IP cache path is e:/86152/FPGA/Verilog/file_management/UDP_OFDM/rtl/UDP_DDR_OFDM/src/OFDM/tb/tb/tb.cache/ip 
INFO: [IP_Flow 19-6924] IPCACHE: Running cache check for IP inst: ofdm_tx_symbol_train_0_0
Command: synth_design -top ofdm_tx_symbol_train_0_0 -part xc7k325tffg676-2 -incremental_mode off -mode out_of_context
Starting synth_design
Attempting to get a license for feature 'Synthesis' and/or device 'xc7k325t'
INFO: [Common 17-349] Got license for feature 'Synthesis' and/or device 'xc7k325t'
INFO: [Device 21-403] Loading part xc7k325tffg676-2
INFO: [Synth 8-7079] Multithreading enabled for synth_design using a maximum of 2 processes.
INFO: [Synth 8-7078] Launching helper process for spawning children vivado processes
INFO: [Synth 8-7075] Helper process launched with PID 32376
---------------------------------------------------------------------------------
Starting RTL Elaboration : Time (s): cpu = 00:00:11 ; elapsed = 00:00:28 . Memory (MB): peak = 1350.801 ; gain = 409.297
---------------------------------------------------------------------------------
INFO: [Synth 8-6157] synthesizing module 'ofdm_tx_symbol_train_0_0' [e:/86152/FPGA/Verilog/file_management/UDP_OFDM/rtl/UDP_DDR_OFDM/src/OFDM/tb/tb/tb.gen/sources_1/bd/ofdm_tx/ip/ofdm_tx_symbol_train_0_0/synth/ofdm_tx_symbol_train_0_0.v:53]
INFO: [Synth 8-6157] synthesizing module 'symbol_train' [E:/86152/FPGA/Verilog/file_management/UDP_OFDM/rtl/UDP_DDR_OFDM/src/OFDM/tb/v/symbol_train.v:3]
INFO: [Synth 8-6157] synthesizing module 'STS' [E:/86152/FPGA/Verilog/file_management/UDP_OFDM/rtl/UDP_DDR_OFDM/src/OFDM/tb/v/STS.v:2]
INFO: [Synth 8-6157] synthesizing module 'counter' [E:/86152/FPGA/Verilog/file_management/UDP_OFDM/rtl/UDP_DDR_OFDM/src/OFDM/tb/v/counter.v:3]
INFO: [Synth 8-6155] done synthesizing module 'counter' (0#1) [E:/86152/FPGA/Verilog/file_management/UDP_OFDM/rtl/UDP_DDR_OFDM/src/OFDM/tb/v/counter.v:3]
INFO: [Synth 8-6155] done synthesizing module 'STS' (0#1) [E:/86152/FPGA/Verilog/file_management/UDP_OFDM/rtl/UDP_DDR_OFDM/src/OFDM/tb/v/STS.v:2]
INFO: [Synth 8-6157] synthesizing module 'LTS' [E:/86152/FPGA/Verilog/file_management/UDP_OFDM/rtl/UDP_DDR_OFDM/src/OFDM/tb/v/LTS.v:2]
INFO: [Synth 8-6155] done synthesizing module 'LTS' (0#1) [E:/86152/FPGA/Verilog/file_management/UDP_OFDM/rtl/UDP_DDR_OFDM/src/OFDM/tb/v/LTS.v:2]
INFO: [Synth 8-6155] done synthesizing module 'symbol_train' (0#1) [E:/86152/FPGA/Verilog/file_management/UDP_OFDM/rtl/UDP_DDR_OFDM/src/OFDM/tb/v/symbol_train.v:3]
INFO: [Synth 8-6155] done synthesizing module 'ofdm_tx_symbol_train_0_0' (0#1) [e:/86152/FPGA/Verilog/file_management/UDP_OFDM/rtl/UDP_DDR_OFDM/src/OFDM/tb/tb/tb.gen/sources_1/bd/ofdm_tx/ip/ofdm_tx_symbol_train_0_0/synth/ofdm_tx_symbol_train_0_0.v:53]
---------------------------------------------------------------------------------
Finished RTL Elaboration : Time (s): cpu = 00:00:15 ; elapsed = 00:00:33 . Memory (MB): peak = 1448.105 ; gain = 506.602
---------------------------------------------------------------------------------
---------------------------------------------------------------------------------
Start Handling Custom Attributes
---------------------------------------------------------------------------------
---------------------------------------------------------------------------------
Finished Handling Custom Attributes : Time (s): cpu = 00:00:15 ; elapsed = 00:00:34 . Memory (MB): peak = 1448.105 ; gain = 506.602
---------------------------------------------------------------------------------
---------------------------------------------------------------------------------
Finished RTL Optimization Phase 1 : Time (s): cpu = 00:00:15 ; elapsed = 00:00:34 . Memory (MB): peak = 1448.105 ; gain = 506.602
---------------------------------------------------------------------------------
Netlist sorting complete. Time (s): cpu = 00:00:00 ; elapsed = 00:00:00.041 . Memory (MB): peak = 1448.105 ; gain = 0.000
INFO: [Project 1-570] Preparing netlist for logic optimization

Processing XDC Constraints
Initializing timing engine
Completed Processing XDC Constraints

Netlist sorting complete. Time (s): cpu = 00:00:00 ; elapsed = 00:00:00.001 . Memory (MB): peak = 1558.043 ; gain = 0.000
INFO: [Project 1-111] Unisim Transformation Summary:
No Unisim elements were transformed.

Constraint Validation Runtime : Time (s): cpu = 00:00:01 ; elapsed = 00:00:00.094 . Memory (MB): peak = 1558.152 ; gain = 0.109
INFO: [Designutils 20-5008] Incremental synthesis strategy off
---------------------------------------------------------------------------------
Finished Constraint Validation : Time (s): cpu = 00:00:32 ; elapsed = 00:00:55 . Memory (MB): peak = 1558.152 ; gain = 616.648
---------------------------------------------------------------------------------
---------------------------------------------------------------------------------
Start Loading Part and Timing Information
---------------------------------------------------------------------------------
Loading part: xc7k325tffg676-2
---------------------------------------------------------------------------------
Finished Loading Part and Timing Information : Time (s): cpu = 00:00:32 ; elapsed = 00:00:55 . Memory (MB): peak = 1558.152 ; gain = 616.648
---------------------------------------------------------------------------------
---------------------------------------------------------------------------------
Start Applying 'set_property' XDC Constraints
---------------------------------------------------------------------------------
---------------------------------------------------------------------------------
Finished applying 'set_property' XDC Constraints : Time (s): cpu = 00:00:32 ; elapsed = 00:00:55 . Memory (MB): peak = 1558.152 ; gain = 616.648
---------------------------------------------------------------------------------
---------------------------------------------------------------------------------
Finished RTL Optimization Phase 2 : Time (s): cpu = 00:00:33 ; elapsed = 00:00:56 . Memory (MB): peak = 1558.152 ; gain = 616.648
---------------------------------------------------------------------------------
---------------------------------------------------------------------------------
Start RTL Component Statistics 
---------------------------------------------------------------------------------
Detailed RTL Component Info : 
+---Adders : 
	   2 Input    9 Bit       Adders := 1     
	   2 Input    8 Bit       Adders := 4     
+---Registers : 
	               16 Bit    Registers := 83    
	                9 Bit    Registers := 1     
	                8 Bit    Registers := 4     
	                1 Bit    Registers := 6     
+---Muxes : 
	   2 Input   16 Bit        Muxes := 5     
	   2 Input    8 Bit        Muxes := 2     
	   2 Input    1 Bit        Muxes := 4     
---------------------------------------------------------------------------------
Finished RTL Component Statistics 
---------------------------------------------------------------------------------
---------------------------------------------------------------------------------
Start Part Resource Summary
---------------------------------------------------------------------------------
Part Resources:
DSPs: 840 (col length:140)
BRAMs: 890 (col length: RAMB18 140 RAMB36 70)
---------------------------------------------------------------------------------
Finished Part Resource Summary
---------------------------------------------------------------------------------
---------------------------------------------------------------------------------
Start Cross Boundary and Area Optimization
---------------------------------------------------------------------------------
WARNING: [Synth 8-7080] Parallel synthesis criteria is not met
---------------------------------------------------------------------------------
Finished Cross Boundary and Area Optimization : Time (s): cpu = 00:00:40 ; elapsed = 00:01:04 . Memory (MB): peak = 1558.152 ; gain = 616.648
---------------------------------------------------------------------------------
---------------------------------------------------------------------------------
Start Applying XDC Timing Constraints
---------------------------------------------------------------------------------
---------------------------------------------------------------------------------
Finished Applying XDC Timing Constraints : Time (s): cpu = 00:00:52 ; elapsed = 00:01:19 . Memory (MB): peak = 1558.152 ; gain = 616.648
---------------------------------------------------------------------------------
---------------------------------------------------------------------------------
Start Timing Optimization
---------------------------------------------------------------------------------
---------------------------------------------------------------------------------
Finished Timing Optimization : Time (s): cpu = 00:00:52 ; elapsed = 00:01:19 . Memory (MB): peak = 1558.152 ; gain = 616.648
---------------------------------------------------------------------------------
---------------------------------------------------------------------------------
Start Technology Mapping
---------------------------------------------------------------------------------
---------------------------------------------------------------------------------
Finished Technology Mapping : Time (s): cpu = 00:00:52 ; elapsed = 00:01:19 . Memory (MB): peak = 1558.152 ; gain = 616.648
---------------------------------------------------------------------------------
---------------------------------------------------------------------------------
Start IO Insertion
---------------------------------------------------------------------------------
---------------------------------------------------------------------------------
Start Flattening Before IO Insertion
---------------------------------------------------------------------------------
---------------------------------------------------------------------------------
Finished Flattening Before IO Insertion
---------------------------------------------------------------------------------
---------------------------------------------------------------------------------
Start Final Netlist Cleanup
---------------------------------------------------------------------------------
---------------------------------------------------------------------------------
Finished Final Netlist Cleanup
---------------------------------------------------------------------------------
---------------------------------------------------------------------------------
Finished IO Insertion : Time (s): cpu = 00:01:02 ; elapsed = 00:01:32 . Memory (MB): peak = 1558.152 ; gain = 616.648
---------------------------------------------------------------------------------
---------------------------------------------------------------------------------
Start Renaming Generated Instances
---------------------------------------------------------------------------------
---------------------------------------------------------------------------------
Finished Renaming Generated Instances : Time (s): cpu = 00:01:02 ; elapsed = 00:01:32 . Memory (MB): peak = 1558.152 ; gain = 616.648
---------------------------------------------------------------------------------
---------------------------------------------------------------------------------
Start Rebuilding User Hierarchy
---------------------------------------------------------------------------------
---------------------------------------------------------------------------------
Finished Rebuilding User Hierarchy : Time (s): cpu = 00:01:02 ; elapsed = 00:01:32 . Memory (MB): peak = 1558.152 ; gain = 616.648
---------------------------------------------------------------------------------
---------------------------------------------------------------------------------
Start Renaming Generated Ports
---------------------------------------------------------------------------------
---------------------------------------------------------------------------------
Finished Renaming Generated Ports : Time (s): cpu = 00:01:02 ; elapsed = 00:01:32 . Memory (MB): peak = 1558.152 ; gain = 616.648
---------------------------------------------------------------------------------
---------------------------------------------------------------------------------
Start Handling Custom Attributes
---------------------------------------------------------------------------------
---------------------------------------------------------------------------------
Finished Handling Custom Attributes : Time (s): cpu = 00:01:02 ; elapsed = 00:01:32 . Memory (MB): peak = 1558.152 ; gain = 616.648
---------------------------------------------------------------------------------
---------------------------------------------------------------------------------
Start Renaming Generated Nets
---------------------------------------------------------------------------------
---------------------------------------------------------------------------------
Finished Renaming Generated Nets : Time (s): cpu = 00:01:02 ; elapsed = 00:01:32 . Memory (MB): peak = 1558.152 ; gain = 616.648
---------------------------------------------------------------------------------
---------------------------------------------------------------------------------
Start Writing Synthesis Report
---------------------------------------------------------------------------------

Report BlackBoxes: 
+-+--------------+----------+
| |BlackBox name |Instances |
+-+--------------+----------+
+-+--------------+----------+

Report Cell Usage: 
+------+-------+------+
|      |Cell   |Count |
+------+-------+------+
|1     |CARRY4 |     7|
|2     |LUT1   |     3|
|3     |LUT2   |    35|
|4     |LUT3   |     9|
|5     |LUT4   |    15|
|6     |LUT5   |    28|
|7     |LUT6   |    24|
|8     |FDCE   |    84|
|9     |FDRE   |    10|
+------+-------+------+
---------------------------------------------------------------------------------
Finished Writing Synthesis Report : Time (s): cpu = 00:01:02 ; elapsed = 00:01:32 . Memory (MB): peak = 1558.152 ; gain = 616.648
---------------------------------------------------------------------------------
Synthesis finished with 0 errors, 0 critical warnings and 1 warnings.
Synthesis Optimization Runtime : Time (s): cpu = 00:00:42 ; elapsed = 00:01:27 . Memory (MB): peak = 1558.152 ; gain = 506.602
Synthesis Optimization Complete : Time (s): cpu = 00:01:02 ; elapsed = 00:01:33 . Memory (MB): peak = 1558.152 ; gain = 616.648
INFO: [Project 1-571] Translating synthesized netlist
Netlist sorting complete. Time (s): cpu = 00:00:00 ; elapsed = 00:00:00.007 . Memory (MB): peak = 1558.152 ; gain = 0.000
INFO: [Netlist 29-17] Analyzing 7 Unisim elements for replacement
INFO: [Netlist 29-28] Unisim Transformation completed in 0 CPU seconds
INFO: [Project 1-570] Preparing netlist for logic optimization
INFO: [Opt 31-138] Pushed 0 inverter(s) to 0 load pin(s).
Netlist sorting complete. Time (s): cpu = 00:00:00 ; elapsed = 00:00:00.001 . Memory (MB): peak = 1558.152 ; gain = 0.000
INFO: [Project 1-111] Unisim Transformation Summary:
No Unisim elements were transformed.

Synth Design complete | Checksum: 744c60c7
INFO: [Common 17-83] Releasing license: Synthesis
29 Infos, 2 Warnings, 0 Critical Warnings and 0 Errors encountered.
synth_design completed successfully
synth_design: Time (s): cpu = 00:01:14 ; elapsed = 00:01:54 . Memory (MB): peak = 1558.152 ; gain = 1059.289
INFO: [Common 17-1381] The checkpoint 'E:/86152/FPGA/Verilog/file_management/UDP_OFDM/rtl/UDP_DDR_OFDM/src/OFDM/tb/tb/tb.runs/ofdm_tx_symbol_train_0_0_synth_1/ofdm_tx_symbol_train_0_0.dcp' has been generated.
INFO: [Coretcl 2-1648] Added synthesis output to IP cache for IP ofdm_tx_symbol_train_0_0, cache-ID = 4230e244423c6529
INFO: [Coretcl 2-1174] Renamed 5 cell refs.
INFO: [Common 17-1381] The checkpoint 'E:/86152/FPGA/Verilog/file_management/UDP_OFDM/rtl/UDP_DDR_OFDM/src/OFDM/tb/tb/tb.runs/ofdm_tx_symbol_train_0_0_synth_1/ofdm_tx_symbol_train_0_0.dcp' has been generated.
INFO: [runtcl-4] Executing : report_utilization -file ofdm_tx_symbol_train_0_0_utilization_synth.rpt -pb ofdm_tx_symbol_train_0_0_utilization_synth.pb
INFO: [Common 17-206] Exiting Vivado at Sat Nov  2 20:52:23 2024...
