
*** Running vivado
    with args -log ofdm_tx_interleaver_2_0_0.vds -m64 -product Vivado -mode batch -messageDb vivado.pb -notrace -source ofdm_tx_interleaver_2_0_0.tcl


ECHO 处于关闭状态。
ECHO 处于关闭状态。

****** Vivado v2023.1 (64-bit)
  **** SW Build 3865809 on Sun May  7 15:05:29 MDT 2023
  **** IP Build 3864474 on Sun May  7 20:36:21 MDT 2023
  **** SharedData Build 3865790 on Sun May 07 13:33:03 MDT 2023
    ** Copyright 1986-2022 Xilinx, Inc. All Rights Reserved.
    ** Copyright 2022-2023 Advanced Micro Devices, Inc. All Rights Reserved.

source ofdm_tx_interleaver_2_0_0.tcl -notrace
create_project: Time (s): cpu = 00:00:11 ; elapsed = 00:00:13 . Memory (MB): peak = 463.516 ; gain = 160.484
INFO: [IP_Flow 19-234] Refreshing IP repositories
INFO: [IP_Flow 19-1704] No user IP repositories specified
INFO: [IP_Flow 19-2313] Loaded Vivado IP repository 'F:/AppData/Xilinx/Vivado/2023.1/data/ip'.
WARNING: [IP_Flow 19-4995] The host OS only allows 260 characters in a normal path. The IP cache path is more than 80 characters. If you experience issues with IP caching, please consider changing the IP cache to a location with a shorter path. Alternately consider using the OS subst command to map part of the path to a drive letter. 
Current IP cache path is e:/86152/FPGA/Verilog/file_management/UDP_OFDM/rtl/UDP_DDR_OFDM/src/OFDM/tb/tb/tb.cache/ip 
INFO: [IP_Flow 19-6924] IPCACHE: Running cache check for IP inst: ofdm_tx_interleaver_2_0_0
Command: synth_design -top ofdm_tx_interleaver_2_0_0 -part xc7k325tffg676-2 -incremental_mode off -mode out_of_context
Starting synth_design
Attempting to get a license for feature 'Synthesis' and/or device 'xc7k325t'
INFO: [Common 17-349] Got license for feature 'Synthesis' and/or device 'xc7k325t'
INFO: [Device 21-403] Loading part xc7k325tffg676-2
INFO: [Synth 8-7079] Multithreading enabled for synth_design using a maximum of 2 processes.
INFO: [Synth 8-7078] Launching helper process for spawning children vivado processes
INFO: [Synth 8-7075] Helper process launched with PID 27292
INFO: [Synth 8-11241] undeclared symbol 'rd_en', assumed default net type 'wire' [E:/86152/FPGA/Verilog/file_management/UDP_OFDM/rtl/UDP_DDR_OFDM/src/OFDM/tb/v/Ser2Par.v:21]
INFO: [Synth 8-11241] undeclared symbol 'S2P_din', assumed default net type 'wire' [E:/86152/FPGA/Verilog/file_management/UDP_OFDM/rtl/UDP_DDR_OFDM/src/OFDM/tb/v/interleaver_2.v:58]
---------------------------------------------------------------------------------
Starting RTL Elaboration : Time (s): cpu = 00:00:11 ; elapsed = 00:00:29 . Memory (MB): peak = 1351.578 ; gain = 409.219
---------------------------------------------------------------------------------
INFO: [Synth 8-6157] synthesizing module 'ofdm_tx_interleaver_2_0_0' [e:/86152/FPGA/Verilog/file_management/UDP_OFDM/rtl/UDP_DDR_OFDM/src/OFDM/tb/tb/tb.gen/sources_1/bd/ofdm_tx/ip/ofdm_tx_interleaver_2_0_0/synth/ofdm_tx_interleaver_2_0_0.v:53]
INFO: [Synth 8-6157] synthesizing module 'interleaver_2' [E:/86152/FPGA/Verilog/file_management/UDP_OFDM/rtl/UDP_DDR_OFDM/src/OFDM/tb/v/interleaver_2.v:4]
INFO: [Synth 8-6157] synthesizing module 'counter' [E:/86152/FPGA/Verilog/file_management/UDP_OFDM/rtl/UDP_DDR_OFDM/src/OFDM/tb/v/counter.v:3]
INFO: [Synth 8-6155] done synthesizing module 'counter' (0#1) [E:/86152/FPGA/Verilog/file_management/UDP_OFDM/rtl/UDP_DDR_OFDM/src/OFDM/tb/v/counter.v:3]
INFO: [Synth 8-6157] synthesizing module 'Ser2Par' [E:/86152/FPGA/Verilog/file_management/UDP_OFDM/rtl/UDP_DDR_OFDM/src/OFDM/tb/v/Ser2Par.v:3]
INFO: [Synth 8-6157] synthesizing module 'counter__parameterized0' [E:/86152/FPGA/Verilog/file_management/UDP_OFDM/rtl/UDP_DDR_OFDM/src/OFDM/tb/v/counter.v:3]
INFO: [Synth 8-6155] done synthesizing module 'counter__parameterized0' (0#1) [E:/86152/FPGA/Verilog/file_management/UDP_OFDM/rtl/UDP_DDR_OFDM/src/OFDM/tb/v/counter.v:3]
INFO: [Synth 8-6155] done synthesizing module 'Ser2Par' (0#1) [E:/86152/FPGA/Verilog/file_management/UDP_OFDM/rtl/UDP_DDR_OFDM/src/OFDM/tb/v/Ser2Par.v:3]
INFO: [Synth 8-6157] synthesizing module 'Par2Ser' [E:/86152/FPGA/Verilog/file_management/UDP_OFDM/rtl/UDP_DDR_OFDM/src/OFDM/tb/v/Par2Ser.v:3]
INFO: [Synth 8-6157] synthesizing module 'counter__parameterized1' [E:/86152/FPGA/Verilog/file_management/UDP_OFDM/rtl/UDP_DDR_OFDM/src/OFDM/tb/v/counter.v:3]
INFO: [Synth 8-6155] done synthesizing module 'counter__parameterized1' (0#1) [E:/86152/FPGA/Verilog/file_management/UDP_OFDM/rtl/UDP_DDR_OFDM/src/OFDM/tb/v/counter.v:3]
INFO: [Synth 8-6155] done synthesizing module 'Par2Ser' (0#1) [E:/86152/FPGA/Verilog/file_management/UDP_OFDM/rtl/UDP_DDR_OFDM/src/OFDM/tb/v/Par2Ser.v:3]
INFO: [Synth 8-6157] synthesizing module 'Par2Ser__parameterized0' [E:/86152/FPGA/Verilog/file_management/UDP_OFDM/rtl/UDP_DDR_OFDM/src/OFDM/tb/v/Par2Ser.v:3]
INFO: [Synth 8-6157] synthesizing module 'counter__parameterized2' [E:/86152/FPGA/Verilog/file_management/UDP_OFDM/rtl/UDP_DDR_OFDM/src/OFDM/tb/v/counter.v:3]
INFO: [Synth 8-6155] done synthesizing module 'counter__parameterized2' (0#1) [E:/86152/FPGA/Verilog/file_management/UDP_OFDM/rtl/UDP_DDR_OFDM/src/OFDM/tb/v/counter.v:3]
INFO: [Synth 8-6155] done synthesizing module 'Par2Ser__parameterized0' (0#1) [E:/86152/FPGA/Verilog/file_management/UDP_OFDM/rtl/UDP_DDR_OFDM/src/OFDM/tb/v/Par2Ser.v:3]
INFO: [Synth 8-6155] done synthesizing module 'interleaver_2' (0#1) [E:/86152/FPGA/Verilog/file_management/UDP_OFDM/rtl/UDP_DDR_OFDM/src/OFDM/tb/v/interleaver_2.v:4]
INFO: [Synth 8-6155] done synthesizing module 'ofdm_tx_interleaver_2_0_0' (0#1) [e:/86152/FPGA/Verilog/file_management/UDP_OFDM/rtl/UDP_DDR_OFDM/src/OFDM/tb/tb/tb.gen/sources_1/bd/ofdm_tx/ip/ofdm_tx_interleaver_2_0_0/synth/ofdm_tx_interleaver_2_0_0.v:53]
---------------------------------------------------------------------------------
Finished RTL Elaboration : Time (s): cpu = 00:00:15 ; elapsed = 00:00:35 . Memory (MB): peak = 1446.355 ; gain = 503.996
---------------------------------------------------------------------------------
---------------------------------------------------------------------------------
Start Handling Custom Attributes
---------------------------------------------------------------------------------
---------------------------------------------------------------------------------
Finished Handling Custom Attributes : Time (s): cpu = 00:00:15 ; elapsed = 00:00:35 . Memory (MB): peak = 1446.355 ; gain = 503.996
---------------------------------------------------------------------------------
---------------------------------------------------------------------------------
Finished RTL Optimization Phase 1 : Time (s): cpu = 00:00:15 ; elapsed = 00:00:35 . Memory (MB): peak = 1446.355 ; gain = 503.996
---------------------------------------------------------------------------------
Netlist sorting complete. Time (s): cpu = 00:00:00 ; elapsed = 00:00:00.001 . Memory (MB): peak = 1446.355 ; gain = 0.000
INFO: [Project 1-570] Preparing netlist for logic optimization

Processing XDC Constraints
Initializing timing engine
Completed Processing XDC Constraints

Netlist sorting complete. Time (s): cpu = 00:00:00 ; elapsed = 00:00:00 . Memory (MB): peak = 1539.609 ; gain = 0.000
INFO: [Project 1-111] Unisim Transformation Summary:
No Unisim elements were transformed.

Constraint Validation Runtime : Time (s): cpu = 00:00:00 ; elapsed = 00:00:00.044 . Memory (MB): peak = 1539.688 ; gain = 0.078
INFO: [Designutils 20-5008] Incremental synthesis strategy off
---------------------------------------------------------------------------------
Finished Constraint Validation : Time (s): cpu = 00:00:31 ; elapsed = 00:00:55 . Memory (MB): peak = 1539.688 ; gain = 597.328
---------------------------------------------------------------------------------
---------------------------------------------------------------------------------
Start Loading Part and Timing Information
---------------------------------------------------------------------------------
Loading part: xc7k325tffg676-2
---------------------------------------------------------------------------------
Finished Loading Part and Timing Information : Time (s): cpu = 00:00:31 ; elapsed = 00:00:55 . Memory (MB): peak = 1539.688 ; gain = 597.328
---------------------------------------------------------------------------------
---------------------------------------------------------------------------------
Start Applying 'set_property' XDC Constraints
---------------------------------------------------------------------------------
---------------------------------------------------------------------------------
Finished applying 'set_property' XDC Constraints : Time (s): cpu = 00:00:31 ; elapsed = 00:00:55 . Memory (MB): peak = 1539.688 ; gain = 597.328
---------------------------------------------------------------------------------
---------------------------------------------------------------------------------
Finished RTL Optimization Phase 2 : Time (s): cpu = 00:00:32 ; elapsed = 00:00:56 . Memory (MB): peak = 1539.688 ; gain = 597.328
---------------------------------------------------------------------------------
---------------------------------------------------------------------------------
Start RTL Component Statistics 
---------------------------------------------------------------------------------
Detailed RTL Component Info : 
+---Adders : 
	   2 Input    5 Bit       Adders := 1     
	   2 Input    1 Bit       Adders := 3     
+---Registers : 
	                5 Bit    Registers := 1     
	                2 Bit    Registers := 4     
	                1 Bit    Registers := 7     
+---Muxes : 
	   2 Input    5 Bit        Muxes := 1     
	   2 Input    2 Bit        Muxes := 1     
	   2 Input    1 Bit        Muxes := 8     
---------------------------------------------------------------------------------
Finished RTL Component Statistics 
---------------------------------------------------------------------------------
---------------------------------------------------------------------------------
Start Part Resource Summary
---------------------------------------------------------------------------------
Part Resources:
DSPs: 840 (col length:140)
BRAMs: 890 (col length: RAMB18 140 RAMB36 70)
---------------------------------------------------------------------------------
Finished Part Resource Summary
---------------------------------------------------------------------------------
---------------------------------------------------------------------------------
Start Cross Boundary and Area Optimization
---------------------------------------------------------------------------------
WARNING: [Synth 8-7080] Parallel synthesis criteria is not met
---------------------------------------------------------------------------------
Finished Cross Boundary and Area Optimization : Time (s): cpu = 00:00:36 ; elapsed = 00:01:02 . Memory (MB): peak = 1539.688 ; gain = 597.328
---------------------------------------------------------------------------------
---------------------------------------------------------------------------------
Start Applying XDC Timing Constraints
---------------------------------------------------------------------------------
---------------------------------------------------------------------------------
Finished Applying XDC Timing Constraints : Time (s): cpu = 00:00:48 ; elapsed = 00:01:17 . Memory (MB): peak = 1539.688 ; gain = 597.328
---------------------------------------------------------------------------------
---------------------------------------------------------------------------------
Start Timing Optimization
---------------------------------------------------------------------------------
---------------------------------------------------------------------------------
Finished Timing Optimization : Time (s): cpu = 00:00:48 ; elapsed = 00:01:17 . Memory (MB): peak = 1539.688 ; gain = 597.328
---------------------------------------------------------------------------------
---------------------------------------------------------------------------------
Start Technology Mapping
---------------------------------------------------------------------------------
---------------------------------------------------------------------------------
Finished Technology Mapping : Time (s): cpu = 00:00:48 ; elapsed = 00:01:17 . Memory (MB): peak = 1539.688 ; gain = 597.328
---------------------------------------------------------------------------------
---------------------------------------------------------------------------------
Start IO Insertion
---------------------------------------------------------------------------------
---------------------------------------------------------------------------------
Start Flattening Before IO Insertion
---------------------------------------------------------------------------------
---------------------------------------------------------------------------------
Finished Flattening Before IO Insertion
---------------------------------------------------------------------------------
---------------------------------------------------------------------------------
Start Final Netlist Cleanup
---------------------------------------------------------------------------------
---------------------------------------------------------------------------------
Finished Final Netlist Cleanup
---------------------------------------------------------------------------------
---------------------------------------------------------------------------------
Finished IO Insertion : Time (s): cpu = 00:01:00 ; elapsed = 00:01:30 . Memory (MB): peak = 1539.688 ; gain = 597.328
---------------------------------------------------------------------------------
---------------------------------------------------------------------------------
Start Renaming Generated Instances
---------------------------------------------------------------------------------
---------------------------------------------------------------------------------
Finished Renaming Generated Instances : Time (s): cpu = 00:01:00 ; elapsed = 00:01:30 . Memory (MB): peak = 1539.688 ; gain = 597.328
---------------------------------------------------------------------------------
---------------------------------------------------------------------------------
Start Rebuilding User Hierarchy
---------------------------------------------------------------------------------
---------------------------------------------------------------------------------
Finished Rebuilding User Hierarchy : Time (s): cpu = 00:01:00 ; elapsed = 00:01:30 . Memory (MB): peak = 1539.688 ; gain = 597.328
---------------------------------------------------------------------------------
---------------------------------------------------------------------------------
Start Renaming Generated Ports
---------------------------------------------------------------------------------
---------------------------------------------------------------------------------
Finished Renaming Generated Ports : Time (s): cpu = 00:01:00 ; elapsed = 00:01:30 . Memory (MB): peak = 1539.688 ; gain = 597.328
---------------------------------------------------------------------------------
---------------------------------------------------------------------------------
Start Handling Custom Attributes
---------------------------------------------------------------------------------
---------------------------------------------------------------------------------
Finished Handling Custom Attributes : Time (s): cpu = 00:01:00 ; elapsed = 00:01:30 . Memory (MB): peak = 1539.688 ; gain = 597.328
---------------------------------------------------------------------------------
---------------------------------------------------------------------------------
Start Renaming Generated Nets
---------------------------------------------------------------------------------
---------------------------------------------------------------------------------
Finished Renaming Generated Nets : Time (s): cpu = 00:01:00 ; elapsed = 00:01:30 . Memory (MB): peak = 1539.688 ; gain = 597.328
---------------------------------------------------------------------------------
---------------------------------------------------------------------------------
Start Writing Synthesis Report
---------------------------------------------------------------------------------

Report BlackBoxes: 
+-+--------------+----------+
| |BlackBox name |Instances |
+-+--------------+----------+
+-+--------------+----------+

Report Cell Usage: 
+------+-----+------+
|      |Cell |Count |
+------+-----+------+
|1     |LUT1 |     2|
|2     |LUT2 |     1|
|3     |LUT3 |     6|
|4     |LUT4 |     4|
|5     |LUT5 |     6|
|6     |LUT6 |     6|
|7     |FDCE |    16|
|8     |FDPE |     4|
+------+-----+------+
---------------------------------------------------------------------------------
Finished Writing Synthesis Report : Time (s): cpu = 00:01:00 ; elapsed = 00:01:30 . Memory (MB): peak = 1539.688 ; gain = 597.328
---------------------------------------------------------------------------------
Synthesis finished with 0 errors, 0 critical warnings and 1 warnings.
Synthesis Optimization Runtime : Time (s): cpu = 00:00:41 ; elapsed = 00:01:25 . Memory (MB): peak = 1539.688 ; gain = 503.996
Synthesis Optimization Complete : Time (s): cpu = 00:01:00 ; elapsed = 00:01:30 . Memory (MB): peak = 1539.688 ; gain = 597.328
INFO: [Project 1-571] Translating synthesized netlist
Netlist sorting complete. Time (s): cpu = 00:00:00 ; elapsed = 00:00:00.001 . Memory (MB): peak = 1539.688 ; gain = 0.000
INFO: [Project 1-570] Preparing netlist for logic optimization
INFO: [Opt 31-138] Pushed 0 inverter(s) to 0 load pin(s).
Netlist sorting complete. Time (s): cpu = 00:00:00 ; elapsed = 00:00:00 . Memory (MB): peak = 1539.688 ; gain = 0.000
INFO: [Project 1-111] Unisim Transformation Summary:
No Unisim elements were transformed.

Synth Design complete | Checksum: 127f31d5
INFO: [Common 17-83] Releasing license: Synthesis
37 Infos, 2 Warnings, 0 Critical Warnings and 0 Errors encountered.
synth_design completed successfully
synth_design: Time (s): cpu = 00:01:11 ; elapsed = 00:01:51 . Memory (MB): peak = 1539.688 ; gain = 1041.195
INFO: [Common 17-1381] The checkpoint 'E:/86152/FPGA/Verilog/file_management/UDP_OFDM/rtl/UDP_DDR_OFDM/src/OFDM/tb/tb/tb.runs/ofdm_tx_interleaver_2_0_0_synth_1/ofdm_tx_interleaver_2_0_0.dcp' has been generated.
INFO: [Coretcl 2-1648] Added synthesis output to IP cache for IP ofdm_tx_interleaver_2_0_0, cache-ID = 10253f3de2df276e
INFO: [Coretcl 2-1174] Renamed 8 cell refs.
INFO: [Common 17-1381] The checkpoint 'E:/86152/FPGA/Verilog/file_management/UDP_OFDM/rtl/UDP_DDR_OFDM/src/OFDM/tb/tb/tb.runs/ofdm_tx_interleaver_2_0_0_synth_1/ofdm_tx_interleaver_2_0_0.dcp' has been generated.
INFO: [runtcl-4] Executing : report_utilization -file ofdm_tx_interleaver_2_0_0_utilization_synth.rpt -pb ofdm_tx_interleaver_2_0_0_utilization_synth.pb
INFO: [Common 17-206] Exiting Vivado at Sat Nov  2 20:52:20 2024...
